#
# A fatal error has been detected by the Java Runtime Environment:
#
#  EXCEPTION_ACCESS_VIOLATION (0xc0000005) at pc=0x00007ffd98028310, pid=22976, tid=8900
#
# JRE version: Java(TM) SE Runtime Environment (9.0+11) (build 9.0.4+11)
# Java VM: Java HotSpot(TM) 64-Bit Server VM (9.0.4+11, mixed mode, tiered, compressed oops, g1 gc, windows-amd64)
# Problematic frame:
# C  [librdi_runsbase.dll+0x18310]
#
# No core dump will be written. Minidumps are not enabled by default on client versions of Windows
#
# If you would like to submit a bug report, please visit:
#   http://bugreport.java.com/bugreport/crash.jsp
# The crash happened outside the Java Virtual Machine in native code.
# See problematic frame for where to report the bug.
#

---------------  S U M M A R Y ------------

Command Line: -Dsun.java2d.pmoffscreen=false -Dsun.java2d.xrender=false -Dsun.java2d.d3d=false -Dsun.awt.nopixfmt=true -Dsun.java2d.dpiaware=true -Dsun.java2d.uiScale.enabled=false -Xverify:none -Dswing.aatext=true -XX:-UsePerfData -Djdk.map.althashing.threshold=512 -XX:StringTableSize=4072 --add-opens=java.base/java.nio=ALL-UNNAMED --add-opens=java.desktop/sun.swing=ALL-UNNAMED --add-opens=java.desktop/javax.swing=ALL-UNNAMED --add-opens=java.desktop/javax.swing.tree=ALL-UNNAMED --add-opens=java.desktop/javax.swing.plaf.basic=ALL-UNNAMED --add-opens=java.desktop/javax.swing.plaf.synth=ALL-UNNAMED --add-opens=java.desktop/com.sun.awt=ALL-UNNAMED -XX:NewSize=60m -XX:MaxNewSize=60m -Xms128m -Xmx3072m -Xss5m 

Host: AMD Ryzen 7 5800H with Radeon Graphics         , 16 cores, 13G,  Windows 10 , 64 bit Build 22621 (10.0.22621.3374)
Time: Wed Apr 17 17:23:20 2024 ?D1¨²¡À¨º¡Á?¨º¡À?? elapsed time: 60 seconds (0d 0h 1m 0s)

---------------  T H R E A D  ---------------

Current thread (0x000001b56fcd5000):  JavaThread "AWT-EventQueue-1" [_thread_in_native, id=8900, stack(0x00000021c1800000,0x00000021c1d00000)]

Stack: [0x00000021c1800000,0x00000021c1d00000],  sp=0x00000021c1cf2708,  free space=5065k
Native frames: (J=compiled Java code, j=interpreted, Vv=VM code, C=native code)
C  [librdi_runsbase.dll+0x18310]

Java frames: (J=compiled Java code, j=interpreted, Vv=VM code)
j  ui.project.projecti.ProjStateHelper_getBlingString(J)Ljava/lang/String;+0
j  ui.project.p.eoz()V+5
j  ui.views.G.m.a(Ljava/util/AbstractList;Ljava/util/HashMap;)V+16
j  ui.views.G.m.fUJ()V+485
j  ui.views.G.m.a(Lui/views/G/m;)V+1
j  ui.views.G.n.da()V+4
J 13204 c1 ui.utils.C.actionPerformed(Ljava/awt/event/ActionEvent;)V (132 bytes) @ 0x000001b50244e8ac [0x000001b50244e740+0x000000000000016c]
J 13082 c1 javax.swing.Timer.fireActionPerformed(Ljava/awt/event/ActionEvent;)V java.desktop@9.0.4 (46 bytes) @ 0x000001b5024107c4 [0x000001b502410500+0x00000000000002c4]
J 13196 c1 ui.utils.B.fireActionPerformed(Ljava/awt/event/ActionEvent;)V (49 bytes) @ 0x000001b50244bac4 [0x000001b50244b960+0x0000000000000164]
J 13080 c1 javax.swing.Timer$DoPostEvent.run()V java.desktop@9.0.4 (82 bytes) @ 0x000001b5024136cc [0x000001b502412e80+0x000000000000084c]
J 11392 c1 java.awt.event.InvocationEvent.dispatch()V java.desktop@9.0.4 (69 bytes) @ 0x000001b5020a2eac [0x000001b5020a2ca0+0x000000000000020c]
J 11967 c1 java.awt.EventQueue.dispatchEventImpl(Ljava/awt/AWTEvent;Ljava/lang/Object;)V java.desktop@9.0.4 (136 bytes) @ 0x000001b501228d04 [0x000001b501227340+0x00000000000019c4]
J 11965 c1 java.awt.EventQueue$3.run()Ljava/lang/Void; java.desktop@9.0.4 (60 bytes) @ 0x000001b500fbf2a4 [0x000001b500fbf0a0+0x0000000000000204]
J 11964 c1 java.awt.EventQueue$3.run()Ljava/lang/Object; java.desktop@9.0.4 (5 bytes) @ 0x000001b500961244 [0x000001b5009611c0+0x0000000000000084]
v  ~StubRoutines::call_stub
J 3342  java.security.AccessController.doPrivileged(Ljava/security/PrivilegedAction;Ljava/security/AccessControlContext;)Ljava/lang/Object; java.base@9.0.4 (0 bytes) @ 0x000001b507d77646 [0x000001b507d775e0+0x0000000000000066]
J 14125 c2 java.awt.EventDispatchThread.pumpOneEventForFilters(I)V java.desktop@9.0.4 (218 bytes) @ 0x000001b50864c018 [0x000001b50864b420+0x0000000000000bf8]
j  java.awt.EventDispatchThread.pumpEventsForFilter(ILjava/awt/Conditional;Ljava/awt/EventFilter;)V+35 java.desktop@9.0.4
j  java.awt.EventDispatchThread.pumpEventsForFilter(Ljava/awt/Conditional;Ljava/awt/EventFilter;)V+4 java.desktop@9.0.4
j  java.awt.WaitDispatchSupport$2.run()V+59 java.desktop@9.0.4
j  java.awt.WaitDispatchSupport$4.run()Ljava/lang/Void;+4 java.desktop@9.0.4
j  java.awt.WaitDispatchSupport$4.run()Ljava/lang/Object;+1 java.desktop@9.0.4
v  ~StubRoutines::call_stub
J 1084  java.security.AccessController.doPrivileged(Ljava/security/PrivilegedAction;)Ljava/lang/Object; java.base@9.0.4 (0 bytes) @ 0x000001b507bf20b2 [0x000001b507bf2060+0x0000000000000052]
j  java.awt.WaitDispatchSupport.enter()Z+260 java.desktop@9.0.4
j  java.awt.Dialog.show()V+225 java.desktop@9.0.4
J 9180 c1 java.awt.Component.setVisible(Z)V java.desktop@9.0.4 (6 bytes) @ 0x000001b500958ccc [0x000001b500958ae0+0x00000000000001ec]
j  java.awt.Window.setVisible(Z)V+2 java.desktop@9.0.4
j  java.awt.Dialog.setVisible(Z)V+2 java.desktop@9.0.4
j  ui.b.c.g.setVisible(Z)V+2
j  ui.b.c.bx.showDialog()V+64
j  ui.b.c.bE.actionPerformed(Ljava/awt/event/ActionEvent;)V+8
j  ui.b.c.bx.cHE()V+396
j  ui.b.o.t.a(Ljava/awt/Component;Lui/project/r;Ljava/util/Collection;ZLui/frmwork/T;)V+28
j  ui.views.G.e.fUG()V+107
j  ui.views.G.e.i(Lui/views/G/e;)V+1
j  ui.views.G.f.run()V+303
j  ui.views.S.X.a(Ljava/lang/String;ZLjava/lang/Runnable;Ljava/lang/Runnable;)Z+252
j  ui.views.S.X.a(Ljava/lang/String;Ljava/lang/Runnable;Ljava/lang/Runnable;)Z+5
j  ui.views.S.X.b(Ljava/lang/String;Ljava/lang/Runnable;)Z+4
j  ui.views.G.e.dgQ()V+949
j  ui.views.G.e.run()V+1
j  ui.views.G.k.a(Lui/views/G/k;)V+1
j  ui.views.G.l.b(I)V+4
j  ui.b.o.t.b(I)V+27
j  ui.b.c.bx.y()V+200
j  ui.b.c.bG.finished()V+4
j  ui.frmwork.x.run()V+11
J 11392 c1 java.awt.event.InvocationEvent.dispatch()V java.desktop@9.0.4 (69 bytes) @ 0x000001b5020a2eac [0x000001b5020a2ca0+0x000000000000020c]
J 11967 c1 java.awt.EventQueue.dispatchEventImpl(Ljava/awt/AWTEvent;Ljava/lang/Object;)V java.desktop@9.0.4 (136 bytes) @ 0x000001b501228d04 [0x000001b501227340+0x00000000000019c4]
J 11965 c1 java.awt.EventQueue$3.run()Ljava/lang/Void; java.desktop@9.0.4 (60 bytes) @ 0x000001b500fbf2a4 [0x000001b500fbf0a0+0x0000000000000204]
J 11964 c1 java.awt.EventQueue$3.run()Ljava/lang/Object; java.desktop@9.0.4 (5 bytes) @ 0x000001b500961244 [0x000001b5009611c0+0x0000000000000084]
v  ~StubRoutines::call_stub
J 3342  java.security.AccessController.doPrivileged(Ljava/security/PrivilegedAction;Ljava/security/AccessControlContext;)Ljava/lang/Object; java.base@9.0.4 (0 bytes) @ 0x000001b507d77646 [0x000001b507d775e0+0x0000000000000066]
J 11381 c1 java.awt.EventQueue.dispatchEvent(Ljava/awt/AWTEvent;)V java.desktop@9.0.4 (80 bytes) @ 0x000001b5020922ac [0x000001b502091920+0x000000000000098c]
J 11379 c1 ui.frmwork.b.d.dispatchEvent(Ljava/awt/AWTEvent;)V (34 bytes) @ 0x000001b50208f664 [0x000001b50208f5a0+0x00000000000000c4]
J 11385 c1 java.awt.EventDispatchThread.pumpOneEventForFilters(I)V java.desktop@9.0.4 (218 bytes) @ 0x000001b50209583c [0x000001b502094440+0x00000000000013fc]
j  java.awt.EventDispatchThread.pumpEventsForFilter(ILjava/awt/Conditional;Ljava/awt/EventFilter;)V+35 java.desktop@9.0.4
j  java.awt.EventDispatchThread.pumpEventsForFilter(Ljava/awt/Conditional;Ljava/awt/EventFilter;)V+4 java.desktop@9.0.4
j  java.awt.WaitDispatchSupport$2.run()V+59 java.desktop@9.0.4
j  java.awt.WaitDispatchSupport$4.run()Ljava/lang/Void;+4 java.desktop@9.0.4
j  java.awt.WaitDispatchSupport$4.run()Ljava/lang/Object;+1 java.desktop@9.0.4
v  ~StubRoutines::call_stub
J 1084  java.security.AccessController.doPrivileged(Ljava/security/PrivilegedAction;)Ljava/lang/Object; java.base@9.0.4 (0 bytes) @ 0x000001b507bf20b2 [0x000001b507bf2060+0x0000000000000052]
j  java.awt.WaitDispatchSupport.enter()Z+260 java.desktop@9.0.4
j  java.awt.Dialog.show()V+225 java.desktop@9.0.4
J 9180 c1 java.awt.Component.setVisible(Z)V java.desktop@9.0.4 (6 bytes) @ 0x000001b500958ccc [0x000001b500958ae0+0x00000000000001ec]
j  java.awt.Window.setVisible(Z)V+2 java.desktop@9.0.4
j  java.awt.Dialog.setVisible(Z)V+2 java.desktop@9.0.4
j  ui.b.c.g.setVisible(Z)V+2
j  ui.b.c.bx.showDialog()V+64
j  ui.b.c.bE.actionPerformed(Ljava/awt/event/ActionEvent;)V+8
j  ui.b.c.bx.cHE()V+396
j  ui.b.o.t.a(Ljava/awt/Component;Lui/project/r;Ljava/util/Collection;ZLui/frmwork/T;)V+28
j  ui.views.G.k.b(Ljava/util/ArrayList;Lui/data/experiment/w;)V+49
j  ui.views.G.k.run()V+123
j  ui.frmwork.a.dTt()Z+66
j  ui.views.S.b.k.Q(Lui/views/S/u;)V+41
j  ui.views.S.b.x.mouseReleased(Ljava/awt/event/MouseEvent;)V+92
j  java.awt.AWTEventMulticaster.mouseReleased(Ljava/awt/event/MouseEvent;)V+21 java.desktop@9.0.4
j  java.awt.AWTEventMulticaster.mouseReleased(Ljava/awt/event/MouseEvent;)V+8 java.desktop@9.0.4
j  java.awt.AWTEventMulticaster.mouseReleased(Ljava/awt/event/MouseEvent;)V+8 java.desktop@9.0.4
j  java.awt.AWTEventMulticaster.mouseReleased(Ljava/awt/event/MouseEvent;)V+8 java.desktop@9.0.4
j  java.awt.Component.processMouseEvent(Ljava/awt/event/MouseEvent;)V+64 java.desktop@9.0.4
j  javax.swing.JComponent.processMouseEvent(Ljava/awt/event/MouseEvent;)V+23 java.desktop@9.0.4
J 13312 c2 java.awt.Container.processEvent(Ljava/awt/AWTEvent;)V java.desktop@9.0.4 (22 bytes) @ 0x000001b508552b40 [0x000001b508552a20+0x0000000000000120]
j  ui.utils.o.x.L.processEvent(Ljava/awt/AWTEvent;)V+14
J 13293 c2 java.awt.Component.dispatchEventImpl(Ljava/awt/AWTEvent;)V java.desktop@9.0.4 (739 bytes) @ 0x000001b508557000 [0x000001b508556860+0x00000000000007a0]
J 13291 c2 java.awt.Container.dispatchEventImpl(Ljava/awt/AWTEvent;)V java.desktop@9.0.4 (129 bytes) @ 0x000001b508550d74 [0x000001b508550d20+0x0000000000000054]
J 13338 c1 java.awt.LightweightDispatcher.retargetMouseEvent(Ljava/awt/Component;ILjava/awt/event/MouseEvent;)V java.desktop@9.0.4 (350 bytes) @ 0x000001b5024c95f4 [0x000001b5024c7140+0x00000000000024b4]
j  java.awt.LightweightDispatcher.processMouseEvent(Ljava/awt/event/MouseEvent;)Z+155 java.desktop@9.0.4
j  java.awt.LightweightDispatcher.dispatchEvent(Ljava/awt/AWTEvent;)Z+50 java.desktop@9.0.4
J 13291 c2 java.awt.Container.dispatchEventImpl(Ljava/awt/AWTEvent;)V java.desktop@9.0.4 (129 bytes) @ 0x000001b508550ed8 [0x000001b508550d20+0x00000000000001b8]
j  java.awt.Window.dispatchEventImpl(Ljava/awt/AWTEvent;)V+19 java.desktop@9.0.4
J 11967 c1 java.awt.EventQueue.dispatchEventImpl(Ljava/awt/AWTEvent;Ljava/lang/Object;)V java.desktop@9.0.4 (136 bytes) @ 0x000001b50122785c [0x000001b501227340+0x000000000000051c]
J 11965 c1 java.awt.EventQueue$3.run()Ljava/lang/Void; java.desktop@9.0.4 (60 bytes) @ 0x000001b500fbf2a4 [0x000001b500fbf0a0+0x0000000000000204]
J 11964 c1 java.awt.EventQueue$3.run()Ljava/lang/Object; java.desktop@9.0.4 (5 bytes) @ 0x000001b500961244 [0x000001b5009611c0+0x0000000000000084]
v  ~StubRoutines::call_stub
J 3342  java.security.AccessController.doPrivileged(Ljava/security/PrivilegedAction;Ljava/security/AccessControlContext;)Ljava/lang/Object; java.base@9.0.4 (0 bytes) @ 0x000001b507d77646 [0x000001b507d775e0+0x0000000000000066]
J 12137 c1 java.awt.EventQueue$4.run()Ljava/lang/Object; java.desktop@9.0.4 (5 bytes) @ 0x000001b5014f0854 [0x000001b5014f0460+0x00000000000003f4]
v  ~StubRoutines::call_stub
J 3342  java.security.AccessController.doPrivileged(Ljava/security/PrivilegedAction;Ljava/security/AccessControlContext;)Ljava/lang/Object; java.base@9.0.4 (0 bytes) @ 0x000001b507d77646 [0x000001b507d775e0+0x0000000000000066]
J 11381 c1 java.awt.EventQueue.dispatchEvent(Ljava/awt/AWTEvent;)V java.desktop@9.0.4 (80 bytes) @ 0x000001b5020927d4 [0x000001b502091920+0x0000000000000eb4]
J 11379 c1 ui.frmwork.b.d.dispatchEvent(Ljava/awt/AWTEvent;)V (34 bytes) @ 0x000001b50208f664 [0x000001b50208f5a0+0x00000000000000c4]
J 11385 c1 java.awt.EventDispatchThread.pumpOneEventForFilters(I)V java.desktop@9.0.4 (218 bytes) @ 0x000001b50209583c [0x000001b502094440+0x00000000000013fc]
j  java.awt.EventDispatchThread.pumpEventsForFilter(ILjava/awt/Conditional;Ljava/awt/EventFilter;)V+35 java.desktop@9.0.4
j  java.awt.EventDispatchThread.pumpEventsForHierarchy(ILjava/awt/Conditional;Ljava/awt/Component;)V+11 java.desktop@9.0.4
j  java.awt.EventDispatchThread.pumpEvents(ILjava/awt/Conditional;)V+4 java.desktop@9.0.4
j  java.awt.EventDispatchThread.pumpEvents(Ljava/awt/Conditional;)V+3 java.desktop@9.0.4
j  java.awt.EventDispatchThread.run()V+9 java.desktop@9.0.4
v  ~StubRoutines::call_stub

siginfo: EXCEPTION_ACCESS_VIOLATION (0xc0000005), reading address 0x0000000000000028


Register to memory mapping:

RIP=0x00007ffd98028310 librdi_runsbase.dll
RAX=0x0000000000000001 is an unknown value
RBX=0x0000000000000000 is an unknown value
RCX=0x0000000000000000 is an unknown value
RDX=0x000001b567d20000 is an unknown value
RSP=0x00000021c1cf2708 is pointing into the stack for thread: 0x000001b56fcd5000
RBP=0x00000021c1cf2810 is pointing into the stack for thread: 0x000001b56fcd5000
RSI=0x000001b525792210 is an unknown value
RDI=0x000001b526338df0 is an unknown value
R8 =0x000001b567c55040 is an unknown value
R9 =0x0000000000000001 is an unknown value
R10=0x0000000000000003 is an unknown value
R11=0x00000021c1cf24b0 is pointing into the stack for thread: 0x000001b56fcd5000
R12=0x000001b573185b10 is an unknown value
R13=0x0000000000000009 is an unknown value
R14=0x0000000000000000 is an unknown value
R15=0x0000000000000009 is an unknown value


Registers:
RAX=0x0000000000000001, RBX=0x0000000000000000, RCX=0x0000000000000000, RDX=0x000001b567d20000
RSP=0x00000021c1cf2708, RBP=0x00000021c1cf2810, RSI=0x000001b525792210, RDI=0x000001b526338df0
R8 =0x000001b567c55040, R9 =0x0000000000000001, R10=0x0000000000000003, R11=0x00000021c1cf24b0
R12=0x000001b573185b10, R13=0x0000000000000009, R14=0x0000000000000000, R15=0x0000000000000009
RIP=0x00007ffd98028310, EFLAGS=0x0000000000010206

Top of Stack: (sp=0x00000021c1cf2708)
0x00000021c1cf2708:   00007ffd5807816a 000001b525792210
0x00000021c1cf2718:   000001b5257922b0 0000000000000000
0x00000021c1cf2728:   000001b52633c180 00000003661f62fe
0x00000021c1cf2738:   0000002100000000 000001b52aa93600
0x00000021c1cf2748:   00007ffde17cab11 000001b500000002
0x00000021c1cf2758:   0000000000000000 fffffffffffffffe
0x00000021c1cf2768:   00000021c1cf2b60 000001b52aa93540
0x00000021c1cf2778:   0000000000000000 000001b52aa93530
0x00000021c1cf2788:   000001b567d20000 0000387e6350e958
0x00000021c1cf2798:   0000000000000000 000001b52456c670
0x00000021c1cf27a8:   00007ffd5f583e00 0000000000000001
0x00000021c1cf27b8:   0000000000000002 000001b52456c670
0x00000021c1cf27c8:   0000000000000002 0000000000000001
0x00000021c1cf27d8:   00007ffd5f587671 00000021c1cf2b60
0x00000021c1cf27e8:   0000000000000000 000001b514b53b00
0x00000021c1cf27f8:   0000000000000009 000000000000003f 

Instructions: (pc=0x00007ffd98028310)
0x00007ffd980282f0:   33 cc e8 69 17 05 00 48 8b 9c 24 d0 00 00 00 48
0x00007ffd98028300:   81 c4 a0 00 00 00 5f 5e 5d c3 cc cc cc cc cc cc
0x00007ffd98028310:   48 8b 41 28 c3 cc cc cc cc cc cc cc cc cc cc cc
0x00007ffd98028320:   40 53 48 83 ec 20 48 8b 59 48 48 89 6c 24 30 48 



---------------  P R O C E S S  ---------------

Java Threads: ( => current thread )
  0x000001b5195ac000 JavaThread "Resetting Runs" [_thread_blocked, id=15588, stack(0x00000021c1d00000,0x00000021c2200000)]
  0x000001b5195ab800 JavaThread "SyntheticaAnimation 50" daemon [_thread_blocked, id=21456, stack(0x00000021c0900000,0x00000021c0e00000)]
  0x000001b5195ad800 JavaThread "hw_ila_monitor" [_thread_blocked, id=14440, stack(0x00000021c5000000,0x00000021c5500000)]
  0x000001b5195a1800 JavaThread "Update Runs Swing Worker" [_thread_blocked, id=31144, stack(0x00000021c4b00000,0x00000021c5000000)]
  0x000001b5195a8800 JavaThread "Refresh Filesets Swing Worker" [_thread_blocked, id=28632, stack(0x00000021c4600000,0x00000021c4b00000)]
  0x000001b5195a5800 JavaThread "SyntheticaAnimation 70" daemon [_thread_blocked, id=29408, stack(0x00000021c4100000,0x00000021c4600000)]
  0x000001b5195a6000 JavaThread "SyntheticaAnimation 25" daemon [_thread_blocked, id=19016, stack(0x00000021c3400000,0x00000021c3900000)]
  0x000001b5195a2800 JavaThread "SyntheticaAnimation 50" daemon [_thread_blocked, id=11084, stack(0x00000021c2f00000,0x00000021c3400000)]
  0x000001b5195a7000 JavaThread "Monitor HEventQueue" [_thread_blocked, id=20752, stack(0x00000021c2a00000,0x00000021c2f00000)]
  0x000001b56fcd4000 JavaThread "Batik CleanerThread" daemon [_thread_blocked, id=26252, stack(0x00000021c2200000,0x00000021c2700000)]
  0x000001b56fcda000 JavaThread "SyntheticaCleanerThread" daemon [_thread_blocked, id=22148, stack(0x00000021c0e00000,0x00000021c1300000)]
=>0x000001b56fcd5000 JavaThread "AWT-EventQueue-1" [_thread_in_native, id=8900, stack(0x00000021c1800000,0x00000021c1d00000)]
  0x000001b56fcd9800 JavaThread "Process Messages" [_thread_blocked, id=636, stack(0x00000021c1300000,0x00000021c1800000)]
  0x000001b56fcd8800 JavaThread "Thread-1" [_thread_in_native, id=31112, stack(0x00000021b8e00000,0x00000021ba200000)]
  0x000001b56fcd6800 JavaThread "TimerQueue" daemon [_thread_blocked, id=19300, stack(0x00000021c0400000,0x00000021c0900000)]
  0x000001b56fcd5800 JavaThread "AWT-Windows" daemon [_thread_in_native, id=22524, stack(0x00000021bff00000,0x00000021c0400000)]
  0x000001b570408800 JavaThread "AWT-Shutdown" [_thread_blocked, id=21000, stack(0x00000021bfa00000,0x00000021bff00000)]
  0x000001b570407800 JavaThread "Java2D Disposer" daemon [_thread_blocked, id=25952, stack(0x00000021bf500000,0x00000021bfa00000)]
  0x000001b56ff7c800 JavaThread "Service Thread" daemon [_thread_blocked, id=2104, stack(0x00000021bef00000,0x00000021bf400000)]
  0x000001b56fd3b800 JavaThread "Common-Cleaner" daemon [_thread_blocked, id=12612, stack(0x00000021bea00000,0x00000021bef00000)]
  0x000001b56fcd8000 JavaThread "Sweeper thread" daemon [_thread_blocked, id=27552, stack(0x00000021be500000,0x00000021bea00000)]
  0x000001b56fcd2800 JavaThread "C1 CompilerThread11" daemon [_thread_blocked, id=6772, stack(0x00000021be400000,0x00000021be500000)]
  0x000001b56fcd1800 JavaThread "C1 CompilerThread10" daemon [_thread_blocked, id=2032, stack(0x00000021be300000,0x00000021be400000)]
  0x000001b56fcd0000 JavaThread "C1 CompilerThread9" daemon [_thread_blocked, id=26636, stack(0x00000021be200000,0x00000021be300000)]
  0x000001b56fccf800 JavaThread "C1 CompilerThread8" daemon [_thread_blocked, id=23292, stack(0x00000021be100000,0x00000021be200000)]
  0x000001b56fcca000 JavaThread "C2 CompilerThread7" daemon [_thread_blocked, id=22172, stack(0x00000021be000000,0x00000021be100000)]
  0x000001b56fcc9800 JavaThread "C2 CompilerThread6" daemon [_thread_blocked, id=23312, stack(0x00000021bdf00000,0x00000021be000000)]
  0x000001b56fcc8000 JavaThread "C2 CompilerThread5" daemon [_thread_blocked, id=23412, stack(0x00000021bde00000,0x00000021bdf00000)]
  0x000001b56fcc7800 JavaThread "C2 CompilerThread4" daemon [_thread_blocked, id=18288, stack(0x00000021bdd00000,0x00000021bde00000)]
  0x000001b56fcc2000 JavaThread "C2 CompilerThread3" daemon [_thread_blocked, id=11396, stack(0x00000021bdc00000,0x00000021bdd00000)]
  0x000001b56fcc1800 JavaThread "C2 CompilerThread2" daemon [_thread_blocked, id=4556, stack(0x00000021bdb00000,0x00000021bdc00000)]
  0x000001b56fcc0800 JavaThread "C2 CompilerThread1" daemon [_thread_blocked, id=27964, stack(0x00000021bda00000,0x00000021bdb00000)]
  0x000001b56fcbf000 JavaThread "C2 CompilerThread0" daemon [_thread_blocked, id=23172, stack(0x00000021bd900000,0x00000021bda00000)]
  0x000001b56fcbe000 JavaThread "Attach Listener" daemon [_thread_blocked, id=25684, stack(0x00000021bd400000,0x00000021bd900000)]
  0x000001b56fcbd800 JavaThread "Signal Dispatcher" daemon [_thread_blocked, id=26076, stack(0x00000021bcf00000,0x00000021bd400000)]
  0x000001b571cbc800 JavaThread "Finalizer" daemon [_thread_blocked, id=24484, stack(0x00000021bca00000,0x00000021bcf00000)]
  0x000001b571cbb000 JavaThread "Reference Handler" daemon [_thread_blocked, id=32492, stack(0x00000021bc500000,0x00000021bca00000)]
  0x000001b56def9000 JavaThread "main" [_thread_blocked, id=18992, stack(0x00000021b8d00000,0x00000021b8e00000)]

Other Threads:
  0x000001b56e11b800 VMThread "VM Thread" [stack: 0x00000021bc400000,0x00000021bc500000] [id=23976]
  0x000001b56ff81800 WatcherThread [stack: 0x00000021bf400000,0x00000021bf500000] [id=5360]
  0x000001b571843000 GCTaskThread "GC Thread#0" [stack: 0x00000021ba500000,0x00000021ba600000] [id=26512]
  0x000001b571841800 GCTaskThread "GC Thread#1" [stack: 0x00000021ba600000,0x00000021ba700000] [id=12056]
  0x000001b571844800 GCTaskThread "GC Thread#2" [stack: 0x00000021ba700000,0x00000021ba800000] [id=28660]
  0x000001b571844000 GCTaskThread "GC Thread#3" [stack: 0x00000021ba800000,0x00000021ba900000] [id=23668]
  0x000001b571842800 GCTaskThread "GC Thread#4" [stack: 0x00000021ba900000,0x00000021baa00000] [id=1520]
  0x000001b571842000 GCTaskThread "GC Thread#5" [stack: 0x00000021baa00000,0x00000021bab00000] [id=9012]
  0x000001b56eb7b000 GCTaskThread "GC Thread#6" [stack: 0x00000021bab00000,0x00000021bac00000] [id=15756]
  0x000001b56eb7b800 GCTaskThread "GC Thread#7" [stack: 0x00000021bac00000,0x00000021bad00000] [id=24032]
  0x000001b56eb7e000 GCTaskThread "GC Thread#8" [stack: 0x00000021bad00000,0x00000021bae00000] [id=30744]
  0x000001b56eb7a800 GCTaskThread "GC Thread#9" [stack: 0x00000021bae00000,0x00000021baf00000] [id=15300]
  0x000001b56eb81000 GCTaskThread "GC Thread#10" [stack: 0x00000021baf00000,0x00000021bb000000] [id=23624]
  0x000001b56eb7c000 GCTaskThread "GC Thread#11" [stack: 0x00000021bb000000,0x00000021bb100000] [id=4100]
  0x000001b56eb82000 GCTaskThread "GC Thread#12" [stack: 0x00000021bb100000,0x00000021bb200000] [id=24292]
  0x000001b57188c000 ConcurrentGCThread "G1 Main Marker" [stack: 0x00000021bc000000,0x00000021bc100000] [id=6188]
  0x000001b56eb83000 ConcurrentGCThread "G1 Marker#0" [stack: 0x00000021bc100000,0x00000021bc200000] [id=28612]
  0x000001b56eb7e800 ConcurrentGCThread "G1 Marker#1" [stack: 0x00000021bc200000,0x00000021bc300000] [id=12752]
  0x000001b56eb82800 ConcurrentGCThread "G1 Marker#2" [stack: 0x00000021bc300000,0x00000021bc400000] [id=10680]
  0x000001b5733c0800 ConcurrentGCThread "G1 Refine#0" [stack: 0x00000021bbe00000,0x00000021bbf00000] [id=22096]
  0x000001b5718ae800 ConcurrentGCThread "G1 Refine#1" [stack: 0x00000021bbd00000,0x00000021bbe00000] [id=10352]
  0x000001b5718ad800 ConcurrentGCThread "G1 Refine#2" [stack: 0x00000021bbc00000,0x00000021bbd00000] [id=16764]
  0x000001b56e818800 ConcurrentGCThread "G1 Refine#3" [stack: 0x00000021bbb00000,0x00000021bbc00000] [id=24104]
  0x000001b56e818000 ConcurrentGCThread "G1 Refine#4" [stack: 0x00000021bba00000,0x00000021bbb00000] [id=31012]
  0x000001b56e817800 ConcurrentGCThread "G1 Refine#5" [stack: 0x00000021bb900000,0x00000021bba00000] [id=15076]
  0x000001b5712ac000 ConcurrentGCThread "G1 Refine#6" [stack: 0x00000021bb800000,0x00000021bb900000] [id=24260]
  0x000001b5712ab800 ConcurrentGCThread "G1 Refine#7" [stack: 0x00000021bb700000,0x00000021bb800000] [id=27836]
  0x000001b5729a4000 ConcurrentGCThread "G1 Refine#8" [stack: 0x00000021bb600000,0x00000021bb700000] [id=17348]
  0x000001b5729a3800 ConcurrentGCThread "G1 Refine#9" [stack: 0x00000021bb500000,0x00000021bb600000] [id=26220]
  0x000001b56e67c800 ConcurrentGCThread "G1 Refine#10" [stack: 0x00000021bb400000,0x00000021bb500000] [id=28172]
  0x000001b56e3e1800 ConcurrentGCThread "G1 Refine#11" [stack: 0x00000021bb300000,0x00000021bb400000] [id=21960]
  0x000001b56e3e1000 ConcurrentGCThread "G1 Refine#12" [stack: 0x00000021bb200000,0x00000021bb300000] [id=2672]
  0x000001b5733c1000 ConcurrentGCThread "G1 Young RemSet Sampling" [stack: 0x00000021bbf00000,0x00000021bc000000] [id=8032]

Threads with active compile tasks:

VM state:not at safepoint (normal execution)

VM Mutex/Monitor currently owned by a thread: None

Heap address: 0x0000000700000000, size: 3072 MB, Compressed Oops mode: Zero based, Oop shift amount: 3
Narrow klass base: 0x0000000000000000, Narrow klass shift: 3
Compressed class space size: 1073741824 Address: 0x00000007c0000000

Heap:
 garbage-first heap   total 227328K, used 76012K [0x0000000700000000, 0x00000007001006f0, 0x00000007c0000000)
  region size 1024K, 12 young (12288K), 6 survivors (6144K)
 Metaspace       used 70425K, capacity 74328K, committed 74580K, reserved 1114112K
  class space    used 9589K, capacity 10280K, committed 10324K, reserved 1048576K
Heap Regions: E=young(eden), S=young(survivor), O=old, HS=humongous(starts), HC=humongous(continues), CS=collection set, F=free, A=archive, TS=gc time stamp, AC=allocation context, TAMS=top-at-mark-start (previous, next)
|   0|0x0000000700000000, 0x00000007000fa490, 0x0000000700100000| 97%| O|  |TS  0|AC  0|TAMS 0x0000000700000000, 0x0000000700000000|
|   1|0x0000000700100000, 0x0000000700200000, 0x0000000700200000|100%|HS|  |TS  0|AC  0|TAMS 0x0000000700100000, 0x0000000700100000|
|   2|0x0000000700200000, 0x0000000700300000, 0x0000000700300000|100%|HC|  |TS  0|AC  0|TAMS 0x0000000700200000, 0x0000000700200000|
|   3|0x0000000700300000, 0x0000000700400000, 0x0000000700400000|100%|HS|  |TS  0|AC  0|TAMS 0x0000000700300000, 0x0000000700300000|
|   4|0x0000000700400000, 0x0000000700500000, 0x0000000700500000|100%| O|  |TS  0|AC  0|TAMS 0x0000000700400000, 0x0000000700400000|
|   5|0x0000000700500000, 0x00000007005fffe8, 0x0000000700600000| 99%| O|  |TS  0|AC  0|TAMS 0x0000000700500000, 0x0000000700500000|
|   6|0x0000000700600000, 0x00000007006ffff8, 0x0000000700700000| 99%| O|  |TS  0|AC  0|TAMS 0x0000000700600000, 0x0000000700600000|
|   7|0x0000000700700000, 0x00000007007ffff8, 0x0000000700800000| 99%| O|  |TS  0|AC  0|TAMS 0x0000000700700000, 0x0000000700700000|
|   8|0x0000000700800000, 0x00000007008ffff8, 0x0000000700900000| 99%| O|  |TS  0|AC  0|TAMS 0x0000000700800000, 0x0000000700800000|
|   9|0x0000000700900000, 0x0000000700a00000, 0x0000000700a00000|100%| O|  |TS  0|AC  0|TAMS 0x0000000700900000, 0x0000000700900000|
|  10|0x0000000700a00000, 0x0000000700afc3b0, 0x0000000700b00000| 98%| O|  |TS  0|AC  0|TAMS 0x0000000700a00000, 0x0000000700a00000|
|  11|0x0000000700b00000, 0x0000000700c00000, 0x0000000700c00000|100%|HS|  |TS  0|AC  0|TAMS 0x0000000700b00000, 0x0000000700b00000|
|  12|0x0000000700c00000, 0x0000000700d00000, 0x0000000700d00000|100%|HC|  |TS  0|AC  0|TAMS 0x0000000700c00000, 0x0000000700c00000|
|  13|0x0000000700d00000, 0x0000000700dda5a8, 0x0000000700e00000| 85%| O|  |TS  0|AC  0|TAMS 0x0000000700d00000, 0x0000000700d00000|
|  14|0x0000000700e00000, 0x0000000700eff2d8, 0x0000000700f00000| 99%| O|  |TS  0|AC  0|TAMS 0x0000000700e00000, 0x0000000700e00000|
|  15|0x0000000700f00000, 0x0000000700fffff0, 0x0000000701000000| 99%| O|  |TS  0|AC  0|TAMS 0x0000000700f00000, 0x0000000700f00000|
|  16|0x0000000701000000, 0x00000007010fffe8, 0x0000000701100000| 99%| O|  |TS  0|AC  0|TAMS 0x0000000701000000, 0x0000000701000000|
|  17|0x0000000701100000, 0x00000007011b2340, 0x0000000701200000| 69%| O|  |TS  0|AC  0|TAMS 0x0000000701100000, 0x0000000701100000|
|  18|0x0000000701200000, 0x00000007012fffd8, 0x0000000701300000| 99%| O|  |TS  0|AC  0|TAMS 0x0000000701200000, 0x0000000701200000|
|  19|0x0000000701300000, 0x00000007013ffff8, 0x0000000701400000| 99%| O|  |TS  0|AC  0|TAMS 0x0000000701300000, 0x0000000701300000|
|  20|0x0000000701400000, 0x00000007014fffe0, 0x0000000701500000| 99%| O|  |TS  0|AC  0|TAMS 0x0000000701400000, 0x0000000701400000|
|  21|0x0000000701500000, 0x0000000701600000, 0x0000000701600000|100%| O|  |TS  0|AC  0|TAMS 0x0000000701500000, 0x0000000701500000|
|  22|0x0000000701600000, 0x00000007016fffe0, 0x0000000701700000| 99%| O|  |TS  0|AC  0|TAMS 0x0000000701600000, 0x0000000701600000|
|  23|0x0000000701700000, 0x00000007017ffff8, 0x0000000701800000| 99%| O|  |TS  0|AC  0|TAMS 0x0000000701700000, 0x0000000701700000|
|  24|0x0000000701800000, 0x00000007018fffc8, 0x0000000701900000| 99%| O|  |TS  0|AC  0|TAMS 0x0000000701800000, 0x0000000701800000|
|  25|0x0000000701900000, 0x00000007019fffe0, 0x0000000701a00000| 99%| O|  |TS  0|AC  0|TAMS 0x0000000701900000, 0x0000000701900000|
|  26|0x0000000701a00000, 0x0000000701affff0, 0x0000000701b00000| 99%| O|  |TS  0|AC  0|TAMS 0x0000000701a00000, 0x0000000701a00000|
|  27|0x0000000701b00000, 0x0000000701c00000, 0x0000000701c00000|100%| O|  |TS  0|AC  0|TAMS 0x0000000701b00000, 0x0000000701b00000|
|  28|0x0000000701c00000, 0x0000000701cfffb0, 0x0000000701d00000| 99%| O|  |TS  0|AC  0|TAMS 0x0000000701c00000, 0x0000000701c00000|
|  29|0x0000000701d00000, 0x0000000701dfffc8, 0x0000000701e00000| 99%| O|  |TS  0|AC  0|TAMS 0x0000000701d00000, 0x0000000701d00000|
|  30|0x0000000701e00000, 0x0000000701efffc8, 0x0000000701f00000| 99%| O|  |TS  0|AC  0|TAMS 0x0000000701e00000, 0x0000000701e00000|
|  31|0x0000000701f00000, 0x0000000702000000, 0x0000000702000000|100%| O|  |TS  0|AC  0|TAMS 0x0000000701f00000, 0x0000000701f00000|
|  32|0x0000000702000000, 0x00000007020fffe8, 0x0000000702100000| 99%| O|  |TS  0|AC  0|TAMS 0x0000000702000000, 0x0000000702000000|
|  33|0x0000000702100000, 0x0000000702200000, 0x0000000702200000|100%| O|  |TS  0|AC  0|TAMS 0x0000000702100000, 0x0000000702100000|
|  34|0x0000000702200000, 0x00000007022ffff8, 0x0000000702300000| 99%| O|  |TS  0|AC  0|TAMS 0x0000000702200000, 0x0000000702200000|
|  35|0x0000000702300000, 0x00000007023ffff0, 0x0000000702400000| 99%| O|  |TS  0|AC  0|TAMS 0x0000000702300000, 0x0000000702300000|
|  36|0x0000000702400000, 0x00000007024fffe0, 0x0000000702500000| 99%| O|  |TS  0|AC  0|TAMS 0x0000000702400000, 0x0000000702400000|
|  37|0x0000000702500000, 0x00000007025ffff0, 0x0000000702600000| 99%| O|  |TS  0|AC  0|TAMS 0x0000000702500000, 0x0000000702500000|
|  38|0x0000000702600000, 0x0000000702700000, 0x0000000702700000|100%|HS|  |TS  0|AC  0|TAMS 0x0000000702600000, 0x0000000702600000|
|  39|0x0000000702700000, 0x0000000702800000, 0x0000000702800000|100%|HS|  |TS  0|AC  0|TAMS 0x0000000702700000, 0x0000000702700000|
|  40|0x0000000702800000, 0x0000000702900000, 0x0000000702900000|100%|HS|  |TS  0|AC  0|TAMS 0x0000000702800000, 0x0000000702800000|
|  41|0x0000000702900000, 0x0000000702a00000, 0x0000000702a00000|100%|HC|  |TS  0|AC  0|TAMS 0x0000000702900000, 0x0000000702900000|
|  42|0x0000000702a00000, 0x0000000702b00000, 0x0000000702b00000|100%|HC|  |TS  0|AC  0|TAMS 0x0000000702a00000, 0x0000000702a00000|
|  43|0x0000000702b00000, 0x0000000702c00000, 0x0000000702c00000|100%|HC|  |TS  0|AC  0|TAMS 0x0000000702b00000, 0x0000000702b00000|
|  44|0x0000000702c00000, 0x0000000702d00000, 0x0000000702d00000|100%|HC|  |TS  0|AC  0|TAMS 0x0000000702c00000, 0x0000000702c00000|
|  45|0x0000000702d00000, 0x0000000702e00000, 0x0000000702e00000|100%|HC|  |TS  0|AC  0|TAMS 0x0000000702d00000, 0x0000000702d00000|
|  46|0x0000000702e00000, 0x0000000702f00000, 0x0000000702f00000|100%|HC|  |TS  0|AC  0|TAMS 0x0000000702e00000, 0x0000000702e00000|
|  47|0x0000000702f00000, 0x0000000703000000, 0x0000000703000000|100%|HC|  |TS  0|AC  0|TAMS 0x0000000702f00000, 0x0000000702f00000|
|  48|0x0000000703000000, 0x0000000703100000, 0x0000000703100000|100%|HC|  |TS  0|AC  0|TAMS 0x0000000703000000, 0x0000000703000000|
|  49|0x0000000703100000, 0x0000000703200000, 0x0000000703200000|100%|HC|  |TS  0|AC  0|TAMS 0x0000000703100000, 0x0000000703100000|
|  50|0x0000000703200000, 0x0000000703300000, 0x0000000703300000|100%|HC|  |TS  0|AC  0|TAMS 0x0000000703200000, 0x0000000703200000|
|  51|0x0000000703300000, 0x0000000703400000, 0x0000000703400000|100%|HC|  |TS  0|AC  0|TAMS 0x0000000703300000, 0x0000000703300000|
|  52|0x0000000703400000, 0x0000000703500000, 0x0000000703500000|100%|HC|  |TS  0|AC  0|TAMS 0x0000000703400000, 0x0000000703400000|
|  53|0x0000000703500000, 0x0000000703600000, 0x0000000703600000|100%|HC|  |TS  0|AC  0|TAMS 0x0000000703500000, 0x0000000703500000|
|  54|0x0000000703600000, 0x0000000703700000, 0x0000000703700000|100%|HC|  |TS  0|AC  0|TAMS 0x0000000703600000, 0x0000000703600000|
|  55|0x0000000703700000, 0x00000007037fffd8, 0x0000000703800000| 99%| O|  |TS  0|AC  0|TAMS 0x0000000703700000, 0x0000000703700000|
|  56|0x0000000703800000, 0x00000007038fffc0, 0x0000000703900000| 99%| O|  |TS  0|AC  0|TAMS 0x0000000703800000, 0x0000000703800000|
|  57|0x0000000703900000, 0x00000007039fffc8, 0x0000000703a00000| 99%| O|  |TS  0|AC  0|TAMS 0x0000000703900000, 0x0000000703900000|
|  58|0x0000000703a00000, 0x0000000703affec0, 0x0000000703b00000| 99%| O|  |TS  0|AC  0|TAMS 0x0000000703a00000, 0x0000000703a00000|
|  59|0x0000000703b00000, 0x0000000703c00000, 0x0000000703c00000|100%| O|  |TS  0|AC  0|TAMS 0x0000000703b00000, 0x0000000703b00000|
|  60|0x0000000703c00000, 0x0000000703cfffe0, 0x0000000703d00000| 99%| O|  |TS  0|AC  0|TAMS 0x0000000703c00000, 0x0000000703c00000|
|  61|0x0000000703d00000, 0x0000000703e00000, 0x0000000703e00000|100%| O|  |TS  0|AC  0|TAMS 0x0000000703d00000, 0x0000000703d00000|
|  62|0x0000000703e00000, 0x0000000703effff8, 0x0000000703f00000| 99%| O|  |TS  0|AC  0|TAMS 0x0000000703e00000, 0x0000000703e00000|
|  63|0x0000000703f00000, 0x0000000703f9b198, 0x0000000704000000| 60%| O|  |TS  0|AC  0|TAMS 0x0000000703f00000, 0x0000000703f00000|
|  64|0x0000000704000000, 0x0000000704000000, 0x0000000704100000|  0%| F|  |TS  0|AC  0|TAMS 0x0000000704000000, 0x0000000704000000|
|  65|0x0000000704100000, 0x0000000704100000, 0x0000000704200000|  0%| F|  |TS  0|AC  0|TAMS 0x0000000704100000, 0x0000000704100000|
|  66|0x0000000704200000, 0x0000000704200000, 0x0000000704300000|  0%| F|  |TS  0|AC  0|TAMS 0x0000000704200000, 0x0000000704200000|
|  67|0x0000000704300000, 0x0000000704400000, 0x0000000704400000|100%|HS|  |TS  0|AC  0|TAMS 0x0000000704300000, 0x0000000704300000|
|  68|0x0000000704400000, 0x0000000704400000, 0x0000000704500000|  0%| F|  |TS  0|AC  0|TAMS 0x0000000704400000, 0x0000000704400000|
|  69|0x0000000704500000, 0x0000000704500000, 0x0000000704600000|  0%| F|  |TS  0|AC  0|TAMS 0x0000000704500000, 0x0000000704500000|
|  70|0x0000000704600000, 0x0000000704600000, 0x0000000704700000|  0%| F|  |TS  0|AC  0|TAMS 0x0000000704600000, 0x0000000704600000|
|  71|0x0000000704700000, 0x0000000704700000, 0x0000000704800000|  0%| F|  |TS  0|AC  0|TAMS 0x0000000704700000, 0x0000000704700000|
|  72|0x0000000704800000, 0x0000000704800000, 0x0000000704900000|  0%| F|  |TS  0|AC  0|TAMS 0x0000000704800000, 0x0000000704800000|
|  73|0x0000000704900000, 0x0000000704900000, 0x0000000704a00000|  0%| F|  |TS  0|AC  0|TAMS 0x0000000704900000, 0x0000000704900000|
|  74|0x0000000704a00000, 0x0000000704a00000, 0x0000000704b00000|  0%| F|  |TS  0|AC  0|TAMS 0x0000000704a00000, 0x0000000704a00000|
|  75|0x0000000704b00000, 0x0000000704b00000, 0x0000000704c00000|  0%| F|  |TS  0|AC  0|TAMS 0x0000000704b00000, 0x0000000704b00000|
|  76|0x0000000704c00000, 0x0000000704c00000, 0x0000000704d00000|  0%| F|  |TS  0|AC  0|TAMS 0x0000000704c00000, 0x0000000704c00000|
|  77|0x0000000704d00000, 0x0000000704d00000, 0x0000000704e00000|  0%| F|  |TS  0|AC  0|TAMS 0x0000000704d00000, 0x0000000704d00000|
|  78|0x0000000704e00000, 0x0000000704e00000, 0x0000000704f00000|  0%| F|  |TS  0|AC  0|TAMS 0x0000000704e00000, 0x0000000704e00000|
|  79|0x0000000704f00000, 0x0000000704f00000, 0x0000000705000000|  0%| F|  |TS  0|AC  0|TAMS 0x0000000704f00000, 0x0000000704f00000|
|  80|0x0000000705000000, 0x0000000705000000, 0x0000000705100000|  0%| F|  |TS  0|AC  0|TAMS 0x0000000705000000, 0x0000000705000000|
|  81|0x0000000705100000, 0x0000000705100000, 0x0000000705200000|  0%| F|  |TS  0|AC  0|TAMS 0x0000000705100000, 0x0000000705100000|
|  82|0x0000000705200000, 0x0000000705200000, 0x0000000705300000|  0%| F|  |TS  0|AC  0|TAMS 0x0000000705200000, 0x0000000705200000|
|  83|0x0000000705300000, 0x0000000705300000, 0x0000000705400000|  0%| F|  |TS  0|AC  0|TAMS 0x0000000705300000, 0x0000000705300000|
|  84|0x0000000705400000, 0x0000000705400000, 0x0000000705500000|  0%| F|  |TS  0|AC  0|TAMS 0x0000000705400000, 0x0000000705400000|
|  85|0x0000000705500000, 0x0000000705500000, 0x0000000705600000|  0%| F|  |TS  0|AC  0|TAMS 0x0000000705500000, 0x0000000705500000|
|  86|0x0000000705600000, 0x0000000705600000, 0x0000000705700000|  0%| F|  |TS  0|AC  0|TAMS 0x0000000705600000, 0x0000000705600000|
|  87|0x0000000705700000, 0x0000000705700000, 0x0000000705800000|  0%| F|  |TS  0|AC  0|TAMS 0x0000000705700000, 0x0000000705700000|
|  88|0x0000000705800000, 0x0000000705800000, 0x0000000705900000|  0%| F|  |TS  0|AC  0|TAMS 0x0000000705800000, 0x0000000705800000|
|  89|0x0000000705900000, 0x0000000705900000, 0x0000000705a00000|  0%| F|  |TS  0|AC  0|TAMS 0x0000000705900000, 0x0000000705900000|
|  90|0x0000000705a00000, 0x0000000705a00000, 0x0000000705b00000|  0%| F|  |TS  0|AC  0|TAMS 0x0000000705a00000, 0x0000000705a00000|
|  91|0x0000000705b00000, 0x0000000705b00000, 0x0000000705c00000|  0%| F|  |TS  0|AC  0|TAMS 0x0000000705b00000, 0x0000000705b00000|
|  92|0x0000000705c00000, 0x0000000705c00000, 0x0000000705d00000|  0%| F|  |TS  0|AC  0|TAMS 0x0000000705c00000, 0x0000000705c00000|
|  93|0x0000000705d00000, 0x0000000705d00000, 0x0000000705e00000|  0%| F|  |TS  3|AC  0|TAMS 0x0000000705d00000, 0x0000000705d00000|
|  94|0x0000000705e00000, 0x0000000705e00000, 0x0000000705f00000|  0%| F|  |TS  5|AC  0|TAMS 0x0000000705e00000, 0x0000000705e00000|
|  95|0x0000000705f00000, 0x0000000705f00000, 0x0000000706000000|  0%| F|  |TS  3|AC  0|TAMS 0x0000000705f00000, 0x0000000705f00000|
|  96|0x0000000706000000, 0x0000000706000000, 0x0000000706100000|  0%| F|  |TS  3|AC  0|TAMS 0x0000000706000000, 0x0000000706000000|
|  97|0x0000000706100000, 0x0000000706100000, 0x0000000706200000|  0%| F|  |TS  3|AC  0|TAMS 0x0000000706100000, 0x0000000706100000|
|  98|0x0000000706200000, 0x0000000706200000, 0x0000000706300000|  0%| F|  |TS  3|AC  0|TAMS 0x0000000706200000, 0x0000000706200000|
|  99|0x0000000706300000, 0x0000000706300000, 0x0000000706400000|  0%| F|  |TS  3|AC  0|TAMS 0x0000000706300000, 0x0000000706300000|
| 100|0x0000000706400000, 0x0000000706400000, 0x0000000706500000|  0%| F|  |TS  3|AC  0|TAMS 0x0000000706400000, 0x0000000706400000|
| 101|0x0000000706500000, 0x0000000706500000, 0x0000000706600000|  0%| F|  |TS  3|AC  0|TAMS 0x0000000706500000, 0x0000000706500000|
| 102|0x0000000706600000, 0x0000000706600000, 0x0000000706700000|  0%| F|  |TS  3|AC  0|TAMS 0x0000000706600000, 0x0000000706600000|
| 103|0x0000000706700000, 0x0000000706700000, 0x0000000706800000|  0%| F|  |TS  3|AC  0|TAMS 0x0000000706700000, 0x0000000706700000|
| 104|0x0000000706800000, 0x0000000706800000, 0x0000000706900000|  0%| F|  |TS  3|AC  0|TAMS 0x0000000706800000, 0x0000000706800000|
| 105|0x0000000706900000, 0x0000000706900000, 0x0000000706a00000|  0%| F|  |TS  3|AC  0|TAMS 0x0000000706900000, 0x0000000706900000|
| 106|0x0000000706a00000, 0x0000000706a00000, 0x0000000706b00000|  0%| F|  |TS  3|AC  0|TAMS 0x0000000706a00000, 0x0000000706a00000|
| 107|0x0000000706b00000, 0x0000000706b00000, 0x0000000706c00000|  0%| F|  |TS  3|AC  0|TAMS 0x0000000706b00000, 0x0000000706b00000|
| 108|0x0000000706c00000, 0x0000000706c00000, 0x0000000706d00000|  0%| F|  |TS  3|AC  0|TAMS 0x0000000706c00000, 0x0000000706c00000|
| 109|0x0000000706d00000, 0x0000000706d00000, 0x0000000706e00000|  0%| F|  |TS  3|AC  0|TAMS 0x0000000706d00000, 0x0000000706d00000|
| 110|0x0000000706e00000, 0x0000000706e00000, 0x0000000706f00000|  0%| F|  |TS  3|AC  0|TAMS 0x0000000706e00000, 0x0000000706e00000|
| 111|0x0000000706f00000, 0x0000000706f00000, 0x0000000707000000|  0%| F|  |TS  3|AC  0|TAMS 0x0000000706f00000, 0x0000000706f00000|
| 112|0x0000000707000000, 0x0000000707000000, 0x0000000707100000|  0%| F|  |TS  3|AC  0|TAMS 0x0000000707000000, 0x0000000707000000|
| 113|0x0000000707100000, 0x0000000707100000, 0x0000000707200000|  0%| F|  |TS  3|AC  0|TAMS 0x0000000707100000, 0x0000000707100000|
| 114|0x0000000707200000, 0x0000000707200000, 0x0000000707300000|  0%| F|  |TS  3|AC  0|TAMS 0x0000000707200000, 0x0000000707200000|
| 115|0x0000000707300000, 0x0000000707300000, 0x0000000707400000|  0%| F|  |TS  3|AC  0|TAMS 0x0000000707300000, 0x0000000707300000|
| 116|0x0000000707400000, 0x0000000707400000, 0x0000000707500000|  0%| F|  |TS  3|AC  0|TAMS 0x0000000707400000, 0x0000000707400000|
| 117|0x0000000707500000, 0x0000000707500000, 0x0000000707600000|  0%| F|  |TS  3|AC  0|TAMS 0x0000000707500000, 0x0000000707500000|
| 118|0x0000000707600000, 0x0000000707600000, 0x0000000707700000|  0%| F|  |TS  3|AC  0|TAMS 0x0000000707600000, 0x0000000707600000|
| 119|0x0000000707700000, 0x0000000707700000, 0x0000000707800000|  0%| F|  |TS  3|AC  0|TAMS 0x0000000707700000, 0x0000000707700000|
| 120|0x0000000707800000, 0x0000000707800000, 0x0000000707900000|  0%| F|  |TS  3|AC  0|TAMS 0x0000000707800000, 0x0000000707800000|
| 121|0x0000000707900000, 0x0000000707900000, 0x0000000707a00000|  0%| F|  |TS  3|AC  0|TAMS 0x0000000707900000, 0x0000000707900000|
| 122|0x0000000707a00000, 0x0000000707a00000, 0x0000000707b00000|  0%| F|  |TS  3|AC  0|TAMS 0x0000000707a00000, 0x0000000707a00000|
| 123|0x0000000707b00000, 0x0000000707b00000, 0x0000000707c00000|  0%| F|  |TS 17|AC  0|TAMS 0x0000000707b00000, 0x0000000707b00000|
| 124|0x0000000707c00000, 0x0000000707c00000, 0x0000000707d00000|  0%| F|  |TS 17|AC  0|TAMS 0x0000000707c00000, 0x0000000707c00000|
| 125|0x0000000707d00000, 0x0000000707d00000, 0x0000000707e00000|  0%| F|  |TS 15|AC  0|TAMS 0x0000000707d00000, 0x0000000707d00000|
| 126|0x0000000707e00000, 0x0000000707e00000, 0x0000000707f00000|  0%| F|  |TS 15|AC  0|TAMS 0x0000000707e00000, 0x0000000707e00000|
| 127|0x0000000707f00000, 0x0000000707f00000, 0x0000000708000000|  0%| F|  |TS 15|AC  0|TAMS 0x0000000707f00000, 0x0000000707f00000|
| 128|0x0000000708000000, 0x0000000708000000, 0x0000000708100000|  0%| F|  |TS 15|AC  0|TAMS 0x0000000708000000, 0x0000000708000000|
| 129|0x0000000708100000, 0x0000000708100000, 0x0000000708200000|  0%| F|  |TS 15|AC  0|TAMS 0x0000000708100000, 0x0000000708100000|
| 130|0x0000000708200000, 0x0000000708200000, 0x0000000708300000|  0%| F|  |TS 15|AC  0|TAMS 0x0000000708200000, 0x0000000708200000|
| 131|0x0000000708300000, 0x0000000708300000, 0x0000000708400000|  0%| F|  |TS 15|AC  0|TAMS 0x0000000708300000, 0x0000000708300000|
| 132|0x0000000708400000, 0x0000000708400000, 0x0000000708500000|  0%| F|  |TS 15|AC  0|TAMS 0x0000000708400000, 0x0000000708400000|
| 133|0x0000000708500000, 0x0000000708500000, 0x0000000708600000|  0%| F|  |TS 15|AC  0|TAMS 0x0000000708500000, 0x0000000708500000|
| 134|0x0000000708600000, 0x0000000708600000, 0x0000000708700000|  0%| F|  |TS 15|AC  0|TAMS 0x0000000708600000, 0x0000000708600000|
| 135|0x0000000708700000, 0x0000000708700000, 0x0000000708800000|  0%| F|  |TS 15|AC  0|TAMS 0x0000000708700000, 0x0000000708700000|
| 136|0x0000000708800000, 0x0000000708800000, 0x0000000708900000|  0%| F|  |TS 15|AC  0|TAMS 0x0000000708800000, 0x0000000708800000|
| 137|0x0000000708900000, 0x0000000708900000, 0x0000000708a00000|  0%| F|  |TS 15|AC  0|TAMS 0x0000000708900000, 0x0000000708900000|
| 138|0x0000000708a00000, 0x0000000708a00000, 0x0000000708b00000|  0%| F|  |TS 15|AC  0|TAMS 0x0000000708a00000, 0x0000000708a00000|
| 139|0x0000000708b00000, 0x0000000708b00000, 0x0000000708c00000|  0%| F|  |TS 15|AC  0|TAMS 0x0000000708b00000, 0x0000000708b00000|
| 140|0x0000000708c00000, 0x0000000708c00000, 0x0000000708d00000|  0%| F|  |TS 15|AC  0|TAMS 0x0000000708c00000, 0x0000000708c00000|
| 141|0x0000000708d00000, 0x0000000708d00000, 0x0000000708e00000|  0%| F|  |TS 15|AC  0|TAMS 0x0000000708d00000, 0x0000000708d00000|
| 142|0x0000000708e00000, 0x0000000708e00000, 0x0000000708f00000|  0%| F|  |TS 15|AC  0|TAMS 0x0000000708e00000, 0x0000000708e00000|
| 143|0x0000000708f00000, 0x0000000708f00000, 0x0000000709000000|  0%| F|  |TS 15|AC  0|TAMS 0x0000000708f00000, 0x0000000708f00000|
| 144|0x0000000709000000, 0x0000000709000000, 0x0000000709100000|  0%| F|  |TS 15|AC  0|TAMS 0x0000000709000000, 0x0000000709000000|
| 145|0x0000000709100000, 0x0000000709100000, 0x0000000709200000|  0%| F|  |TS 15|AC  0|TAMS 0x0000000709100000, 0x0000000709100000|
| 146|0x0000000709200000, 0x0000000709200000, 0x0000000709300000|  0%| F|  |TS 15|AC  0|TAMS 0x0000000709200000, 0x0000000709200000|
| 147|0x0000000709300000, 0x0000000709300000, 0x0000000709400000|  0%| F|  |TS 15|AC  0|TAMS 0x0000000709300000, 0x0000000709300000|
| 148|0x0000000709400000, 0x0000000709400000, 0x0000000709500000|  0%| F|  |TS 15|AC  0|TAMS 0x0000000709400000, 0x0000000709400000|
| 149|0x0000000709500000, 0x0000000709500000, 0x0000000709600000|  0%| F|  |TS 15|AC  0|TAMS 0x0000000709500000, 0x0000000709500000|
| 150|0x0000000709600000, 0x0000000709600000, 0x0000000709700000|  0%| F|  |TS 15|AC  0|TAMS 0x0000000709600000, 0x0000000709600000|
| 151|0x0000000709700000, 0x0000000709700000, 0x0000000709800000|  0%| F|  |TS 15|AC  0|TAMS 0x0000000709700000, 0x0000000709700000|
| 152|0x0000000709800000, 0x0000000709800000, 0x0000000709900000|  0%| F|  |TS 15|AC  0|TAMS 0x0000000709800000, 0x0000000709800000|
| 153|0x0000000709900000, 0x0000000709900000, 0x0000000709a00000|  0%| F|  |TS 15|AC  0|TAMS 0x0000000709900000, 0x0000000709900000|
| 154|0x0000000709a00000, 0x0000000709a00000, 0x0000000709b00000|  0%| F|  |TS 15|AC  0|TAMS 0x0000000709a00000, 0x0000000709a00000|
| 155|0x0000000709b00000, 0x0000000709b00000, 0x0000000709c00000|  0%| F|  |TS 15|AC  0|TAMS 0x0000000709b00000, 0x0000000709b00000|
| 156|0x0000000709c00000, 0x0000000709c1e0f8, 0x0000000709d00000| 11%| S|CS|TS 29|AC  0|TAMS 0x0000000709c00000, 0x0000000709c00000|
| 157|0x0000000709d00000, 0x0000000709e00000, 0x0000000709e00000|100%| S|CS|TS 29|AC  0|TAMS 0x0000000709d00000, 0x0000000709d00000|
| 158|0x0000000709e00000, 0x0000000709f00000, 0x0000000709f00000|100%| S|CS|TS 29|AC  0|TAMS 0x0000000709e00000, 0x0000000709e00000|
| 159|0x0000000709f00000, 0x000000070a000000, 0x000000070a000000|100%| S|CS|TS 29|AC  0|TAMS 0x0000000709f00000, 0x0000000709f00000|
| 160|0x000000070a000000, 0x000000070a000000, 0x000000070a100000|  0%| F|  |TS 29|AC  0|TAMS 0x000000070a000000, 0x000000070a000000|
| 161|0x000000070a100000, 0x000000070a100000, 0x000000070a200000|  0%| F|  |TS 29|AC  0|TAMS 0x000000070a100000, 0x000000070a100000|
| 162|0x000000070a200000, 0x000000070a300000, 0x000000070a300000|100%| S|CS|TS 29|AC  0|TAMS 0x000000070a200000, 0x000000070a200000|
| 163|0x000000070a300000, 0x000000070a400000, 0x000000070a400000|100%| S|CS|TS 29|AC  0|TAMS 0x000000070a300000, 0x000000070a300000|
| 164|0x000000070a400000, 0x000000070a400000, 0x000000070a500000|  0%| F|  |TS 29|AC  0|TAMS 0x000000070a400000, 0x000000070a400000|
| 165|0x000000070a500000, 0x000000070a500000, 0x000000070a600000|  0%| F|  |TS 29|AC  0|TAMS 0x000000070a500000, 0x000000070a500000|
| 166|0x000000070a600000, 0x000000070a600000, 0x000000070a700000|  0%| F|  |TS 29|AC  0|TAMS 0x000000070a600000, 0x000000070a600000|
| 167|0x000000070a700000, 0x000000070a700000, 0x000000070a800000|  0%| F|  |TS 29|AC  0|TAMS 0x000000070a700000, 0x000000070a700000|
| 168|0x000000070a800000, 0x000000070a800000, 0x000000070a900000|  0%| F|  |TS 29|AC  0|TAMS 0x000000070a800000, 0x000000070a800000|
| 169|0x000000070a900000, 0x000000070a900000, 0x000000070aa00000|  0%| F|  |TS 29|AC  0|TAMS 0x000000070a900000, 0x000000070a900000|
| 170|0x000000070aa00000, 0x000000070aa00000, 0x000000070ab00000|  0%| F|  |TS 29|AC  0|TAMS 0x000000070aa00000, 0x000000070aa00000|
| 171|0x000000070ab00000, 0x000000070ab00000, 0x000000070ac00000|  0%| F|  |TS 29|AC  0|TAMS 0x000000070ab00000, 0x000000070ab00000|
| 172|0x000000070ac00000, 0x000000070ac00000, 0x000000070ad00000|  0%| F|  |TS 29|AC  0|TAMS 0x000000070ac00000, 0x000000070ac00000|
| 173|0x000000070ad00000, 0x000000070ad00000, 0x000000070ae00000|  0%| F|  |TS 29|AC  0|TAMS 0x000000070ad00000, 0x000000070ad00000|
| 174|0x000000070ae00000, 0x000000070ae00000, 0x000000070af00000|  0%| F|  |TS 29|AC  0|TAMS 0x000000070ae00000, 0x000000070ae00000|
| 175|0x000000070af00000, 0x000000070af00000, 0x000000070b000000|  0%| F|  |TS 29|AC  0|TAMS 0x000000070af00000, 0x000000070af00000|
| 176|0x000000070b000000, 0x000000070b000000, 0x000000070b100000|  0%| F|  |TS 29|AC  0|TAMS 0x000000070b000000, 0x000000070b000000|
| 177|0x000000070b100000, 0x000000070b100000, 0x000000070b200000|  0%| F|  |TS 29|AC  0|TAMS 0x000000070b100000, 0x000000070b100000|
| 178|0x000000070b200000, 0x000000070b200000, 0x000000070b300000|  0%| F|  |TS 29|AC  0|TAMS 0x000000070b200000, 0x000000070b200000|
| 179|0x000000070b300000, 0x000000070b300000, 0x000000070b400000|  0%| F|  |TS 29|AC  0|TAMS 0x000000070b300000, 0x000000070b300000|
| 180|0x000000070b400000, 0x000000070b400000, 0x000000070b500000|  0%| F|  |TS 29|AC  0|TAMS 0x000000070b400000, 0x000000070b400000|
| 181|0x000000070b500000, 0x000000070b500000, 0x000000070b600000|  0%| F|  |TS 29|AC  0|TAMS 0x000000070b500000, 0x000000070b500000|
| 182|0x000000070b600000, 0x000000070b600000, 0x000000070b700000|  0%| F|  |TS 29|AC  0|TAMS 0x000000070b600000, 0x000000070b600000|
| 183|0x000000070b700000, 0x000000070b700000, 0x000000070b800000|  0%| F|  |TS 29|AC  0|TAMS 0x000000070b700000, 0x000000070b700000|
| 184|0x000000070b800000, 0x000000070b800000, 0x000000070b900000|  0%| F|  |TS 29|AC  0|TAMS 0x000000070b800000, 0x000000070b800000|
| 185|0x000000070b900000, 0x000000070b900000, 0x000000070ba00000|  0%| F|  |TS 29|AC  0|TAMS 0x000000070b900000, 0x000000070b900000|
| 186|0x000000070ba00000, 0x000000070ba00000, 0x000000070bb00000|  0%| F|  |TS 29|AC  0|TAMS 0x000000070ba00000, 0x000000070ba00000|
| 187|0x000000070bb00000, 0x000000070bb00000, 0x000000070bc00000|  0%| F|  |TS 29|AC  0|TAMS 0x000000070bb00000, 0x000000070bb00000|
| 188|0x000000070bc00000, 0x000000070bc00000, 0x000000070bd00000|  0%| F|  |TS 29|AC  0|TAMS 0x000000070bc00000, 0x000000070bc00000|
| 189|0x000000070bd00000, 0x000000070bd00000, 0x000000070be00000|  0%| F|  |TS 29|AC  0|TAMS 0x000000070bd00000, 0x000000070bd00000|
| 190|0x000000070be00000, 0x000000070be00000, 0x000000070bf00000|  0%| F|  |TS 29|AC  0|TAMS 0x000000070be00000, 0x000000070be00000|
| 191|0x000000070bf00000, 0x000000070bf00000, 0x000000070c000000|  0%| F|  |TS 29|AC  0|TAMS 0x000000070bf00000, 0x000000070bf00000|
| 192|0x000000070c000000, 0x000000070c000000, 0x000000070c100000|  0%| F|  |TS 29|AC  0|TAMS 0x000000070c000000, 0x000000070c000000|
| 193|0x000000070c100000, 0x000000070c100000, 0x000000070c200000|  0%| F|  |TS 29|AC  0|TAMS 0x000000070c100000, 0x000000070c100000|
| 194|0x000000070c200000, 0x000000070c200000, 0x000000070c300000|  0%| F|  |TS 29|AC  0|TAMS 0x000000070c200000, 0x000000070c200000|
| 195|0x000000070c300000, 0x000000070c300000, 0x000000070c400000|  0%| F|  |TS 29|AC  0|TAMS 0x000000070c300000, 0x000000070c300000|
| 196|0x000000070c400000, 0x000000070c400000, 0x000000070c500000|  0%| F|  |TS 29|AC  0|TAMS 0x000000070c400000, 0x000000070c400000|
| 197|0x000000070c500000, 0x000000070c500000, 0x000000070c600000|  0%| F|  |TS 29|AC  0|TAMS 0x000000070c500000, 0x000000070c500000|
| 198|0x000000070c600000, 0x000000070c600000, 0x000000070c700000|  0%| F|  |TS 29|AC  0|TAMS 0x000000070c600000, 0x000000070c600000|
| 199|0x000000070c700000, 0x000000070c700000, 0x000000070c800000|  0%| F|  |TS 29|AC  0|TAMS 0x000000070c700000, 0x000000070c700000|
| 200|0x000000070c800000, 0x000000070c800000, 0x000000070c900000|  0%| F|  |TS 29|AC  0|TAMS 0x000000070c800000, 0x000000070c800000|
| 201|0x000000070c900000, 0x000000070c900000, 0x000000070ca00000|  0%| F|  |TS 29|AC  0|TAMS 0x000000070c900000, 0x000000070c900000|
| 202|0x000000070ca00000, 0x000000070ca00000, 0x000000070cb00000|  0%| F|  |TS 29|AC  0|TAMS 0x000000070ca00000, 0x000000070ca00000|
| 203|0x000000070cb00000, 0x000000070cb00000, 0x000000070cc00000|  0%| F|  |TS 29|AC  0|TAMS 0x000000070cb00000, 0x000000070cb00000|
| 204|0x000000070cc00000, 0x000000070cc00000, 0x000000070cd00000|  0%| F|  |TS 29|AC  0|TAMS 0x000000070cc00000, 0x000000070cc00000|
| 205|0x000000070cd00000, 0x000000070cd00000, 0x000000070ce00000|  0%| F|  |TS 29|AC  0|TAMS 0x000000070cd00000, 0x000000070cd00000|
| 206|0x000000070ce00000, 0x000000070ce00000, 0x000000070cf00000|  0%| F|  |TS 29|AC  0|TAMS 0x000000070ce00000, 0x000000070ce00000|
| 207|0x000000070cf00000, 0x000000070cf00000, 0x000000070d000000|  0%| F|  |TS 29|AC  0|TAMS 0x000000070cf00000, 0x000000070cf00000|
| 208|0x000000070d000000, 0x000000070d000000, 0x000000070d100000|  0%| F|  |TS 29|AC  0|TAMS 0x000000070d000000, 0x000000070d000000|
| 209|0x000000070d100000, 0x000000070d100000, 0x000000070d200000|  0%| F|  |TS 29|AC  0|TAMS 0x000000070d100000, 0x000000070d100000|
| 210|0x000000070d200000, 0x000000070d200000, 0x000000070d300000|  0%| F|  |TS 29|AC  0|TAMS 0x000000070d200000, 0x000000070d200000|
| 211|0x000000070d300000, 0x000000070d300000, 0x000000070d400000|  0%| F|  |TS 29|AC  0|TAMS 0x000000070d300000, 0x000000070d300000|
| 212|0x000000070d400000, 0x000000070d400000, 0x000000070d500000|  0%| F|  |TS 29|AC  0|TAMS 0x000000070d400000, 0x000000070d400000|
| 213|0x000000070d500000, 0x000000070d500000, 0x000000070d600000|  0%| F|  |TS 29|AC  0|TAMS 0x000000070d500000, 0x000000070d500000|
| 214|0x000000070d600000, 0x000000070d600000, 0x000000070d700000|  0%| F|  |TS 29|AC  0|TAMS 0x000000070d600000, 0x000000070d600000|
| 215|0x000000070d700000, 0x000000070d700000, 0x000000070d800000|  0%| F|  |TS 29|AC  0|TAMS 0x000000070d700000, 0x000000070d700000|
| 216|0x000000070d800000, 0x000000070d893d70, 0x000000070d900000| 57%| E|  |TS 29|AC  0|TAMS 0x000000070d800000, 0x000000070d800000|
| 217|0x000000070d900000, 0x000000070da00000, 0x000000070da00000|100%| E|CS|TS 29|AC  0|TAMS 0x000000070d900000, 0x000000070d900000|
| 218|0x000000070da00000, 0x000000070db00000, 0x000000070db00000|100%| E|CS|TS 29|AC  0|TAMS 0x000000070da00000, 0x000000070da00000|
| 219|0x000000070db00000, 0x000000070dc00000, 0x000000070dc00000|100%| E|CS|TS 29|AC  0|TAMS 0x000000070db00000, 0x000000070db00000|
| 220|0x000000070dc00000, 0x000000070dd00000, 0x000000070dd00000|100%| E|CS|TS 29|AC  0|TAMS 0x000000070dc00000, 0x000000070dc00000|
| 221|0x000000070dd00000, 0x000000070de00000, 0x000000070de00000|100%| E|CS|TS 29|AC  0|TAMS 0x000000070dd00000, 0x000000070dd00000|

Card table byte_map: [0x000001b57b1e0000,0x000001b57b7e0000] byte_map_base: 0x000001b5779e0000

Marking Bits (Prev, Next): (CMBitMap*) 0x000001b5733c15c8, (CMBitMap*) 0x000001b5733c1590
 Prev Bits: [0x000001b50f000000, 0x000001b512000000)
 Next Bits: [0x000001b57bde0000, 0x000001b57ede0000)

Polling page: 0x000001b569850000

CodeHeap 'non-profiled nmethods': size=119168Kb used=10966Kb max_used=10966Kb free=108201Kb
 bounds [0x000001b507ba0000, 0x000001b508660000, 0x000001b50f000000]
CodeHeap 'profiled nmethods': size=119168Kb used=32097Kb max_used=32097Kb free=87070Kb
 bounds [0x000001b500740000, 0x000001b5026c0000, 0x000001b507ba0000]
CodeHeap 'non-nmethods': size=7424Kb used=3395Kb max_used=3451Kb free=4028Kb
 bounds [0x000001b500000000, 0x000001b500370000, 0x000001b500740000]
 total_blobs=20046 nmethods=12454 adapters=1008
 compilation: enabled

Compilation events (10 events):
Event: 60.134 Thread 0x000001b56fcd2800 nmethod 14257 0x000001b5026ac510 code [0x000001b5026ac7a0, 0x000001b5026adb20]
Event: 60.134 Thread 0x000001b56fcd2800 14258       3       com.jidesoft.grid.FilterableTableModel::prepareFilters (421 bytes)
Event: 60.134 Thread 0x000001b56fccf800 nmethod 14256 0x000001b5026ae010 code [0x000001b5026ae3c0, 0x000001b5026b00f0]
Event: 60.134 Thread 0x000001b56fccf800 14259       3       com.jidesoft.grid.JideTable::k (34 bytes)
Event: 60.134 Thread 0x000001b56fcd1800 14260       3       javax.swing.table.AbstractTableModel::addTableModelListener (11 bytes)
Event: 60.134 Thread 0x000001b56fccf800 nmethod 14259 0x000001b5026b0990 code [0x000001b5026b0b80, 0x000001b5026b10c0]
Event: 60.134 Thread 0x000001b56fcd1800 nmethod 14260 0x000001b5026b1210 code [0x000001b5026b13c0, 0x000001b5026b1570]
Event: 60.134 Thread 0x000001b56fcd0000 14261       3       com.jidesoft.grid.CompoundTableModelEvent::<init> (12 bytes)
Event: 60.134 Thread 0x000001b56fcd0000 nmethod 14261 0x000001b5026b1610 code [0x000001b5026b17e0, 0x000001b5026b1bf0]
Event: 60.135 Thread 0x000001b56fcd2800 nmethod 14258 0x000001b5026b1d90 code [0x000001b5026b2140, 0x000001b5026b4670]

GC Heap History (10 events):
Event: 15.533 GC heap before
{Heap before GC invocations=32 (full 1):
 garbage-first heap   total 227328K, used 126104K [0x0000000700000000, 0x00000007001006f0, 0x00000007c0000000)
  region size 1024K, 60 young (61440K), 3 survivors (3072K)
 Metaspace       used 68820K, capacity 72606K, committed 72660K, reserved 1112064K
  class space    used 9466K, capacity 10155K, committed 10196K, reserved 1048576K
}
Event: 15.535 GC heap after
{Heap after GC invocations=33 (full 1):
 garbage-first heap   total 227328K, used 67420K [0x0000000700000000, 0x00000007001006f0, 0x00000007c0000000)
  region size 1024K, 2 young (2048K), 2 survivors (2048K)
 Metaspace       used 68820K, capacity 72606K, committed 72660K, reserved 1112064K
  class space    used 9466K, capacity 10155K, committed 10196K, reserved 1048576K
}
Event: 56.809 GC heap before
{Heap before GC invocations=33 (full 1):
 garbage-first heap   total 227328K, used 126812K [0x0000000700000000, 0x00000007001006f0, 0x00000007c0000000)
  region size 1024K, 60 young (61440K), 2 survivors (2048K)
 Metaspace       used 69272K, capacity 73008K, committed 73172K, reserved 1112064K
  class space    used 9497K, capacity 10158K, committed 10196K, reserved 1048576K
}
Event: 56.812 GC heap after
{Heap after GC invocations=34 (full 1):
 garbage-first heap   total 227328K, used 68068K [0x0000000700000000, 0x00000007001006f0, 0x00000007c0000000)
  region size 1024K, 3 young (3072K), 3 survivors (3072K)
 Metaspace       used 69272K, capacity 73008K, committed 73172K, reserved 1112064K
  class space    used 9497K, capacity 10158K, committed 10196K, reserved 1048576K
}
Event: 57.148 GC heap before
{Heap before GC invocations=34 (full 1):
 garbage-first heap   total 227328K, used 126436K [0x0000000700000000, 0x00000007001006f0, 0x00000007c0000000)
  region size 1024K, 60 young (61440K), 3 survivors (3072K)
 Metaspace       used 69302K, capacity 73008K, committed 73172K, reserved 1112064K
  class space    used 9497K, capacity 10158K, committed 10196K, reserved 1048576K
}
Event: 57.150 GC heap after
{Heap after GC invocations=35 (full 1):
 garbage-first heap   total 227328K, used 67640K [0x0000000700000000, 0x00000007001006f0, 0x00000007c0000000)
  region size 1024K, 2 young (2048K), 2 survivors (2048K)
 Metaspace       used 69302K, capacity 73008K, committed 73172K, reserved 1112064K
  class space    used 9497K, capacity 10158K, committed 10196K, reserved 1048576K
}
Event: 57.517 GC heap before
{Heap before GC invocations=35 (full 1):
 garbage-first heap   total 227328K, used 127032K [0x0000000700000000, 0x00000007001006f0, 0x00000007c0000000)
  region size 1024K, 60 young (61440K), 2 survivors (2048K)
 Metaspace       used 69320K, capacity 73072K, committed 73172K, reserved 1112064K
  class space    used 9497K, capacity 10158K, committed 10196K, reserved 1048576K
}
Event: 57.519 GC heap after
{Heap after GC invocations=36 (full 1):
 garbage-first heap   total 227328K, used 67658K [0x0000000700000000, 0x00000007001006f0, 0x00000007c0000000)
  region size 1024K, 2 young (2048K), 2 survivors (2048K)
 Metaspace       used 69320K, capacity 73072K, committed 73172K, reserved 1112064K
  class space    used 9497K, capacity 10158K, committed 10196K, reserved 1048576K
}
Event: 60.056 GC heap before
{Heap before GC invocations=36 (full 1):
 garbage-first heap   total 227328K, used 127050K [0x0000000700000000, 0x00000007001006f0, 0x00000007c0000000)
  region size 1024K, 60 young (61440K), 2 survivors (2048K)
 Metaspace       used 70382K, capacity 74264K, committed 74324K, reserved 1114112K
  class space    used 9589K, capacity 10280K, committed 10324K, reserved 1048576K
}
Event: 60.060 GC heap after
{Heap after GC invocations=37 (full 1):
 garbage-first heap   total 227328K, used 70892K [0x0000000700000000, 0x00000007001006f0, 0x00000007c0000000)
  region size 1024K, 6 young (6144K), 6 survivors (6144K)
 Metaspace       used 70382K, capacity 74264K, committed 74324K, reserved 1114112K
  class space    used 9589K, capacity 10280K, committed 10324K, reserved 1048576K
}

Deoptimization events (10 events):
Event: 59.321 Thread 0x000001b56fcd5000 Uncommon trap: reason=class_check action=maybe_recompile pc=0x000001b5084b8764 method=com.jidesoft.grid.CellSpanTable.isCellSpanOn()Z @ 54 c2
Event: 59.330 Thread 0x000001b56fcd5000 Uncommon trap: reason=class_check action=maybe_recompile pc=0x000001b5084af760 method=com.jidesoft.grid.CellSpanTable.isCellSpanOn()Z @ 54 c2
Event: 59.432 Thread 0x000001b56fcd5000 Uncommon trap: reason=class_check action=maybe_recompile pc=0x000001b507fe55d8 method=javax.swing.text.StyleContext$NamedStyle.addAttributes(Ljavax/swing/text/AttributeSet;)V @ 12 c2
Event: 59.444 Thread 0x000001b56fcd5000 Uncommon trap: reason=class_check action=maybe_recompile pc=0x000001b5082afa90 method=java.awt.Component.addNotify()V @ 200 c2
Event: 59.444 Thread 0x000001b56fcd5000 Uncommon trap: reason=unstable_if action=reinterpret pc=0x000001b5085e48f0 method=javax.swing.text.StyleContext.getFont(Ljava/lang/String;II)Ljava/awt/Font; @ 64 c2
Event: 59.935 Thread 0x000001b56fcd5000 Uncommon trap: reason=class_check action=maybe_recompile pc=0x000001b508237198 method=java.awt.KeyboardFocusManager.clearMostRecentFocusOwner(Ljava/awt/Component;)V @ 67 c2
Event: 59.936 Thread 0x000001b56fcd5000 Uncommon trap: reason=unstable_if action=reinterpret pc=0x000001b50813c214 method=java.awt.Container.findComponentAtImpl(IIZ)Ljava/awt/Component; @ 24 c2
Event: 59.943 Thread 0x000001b56fcd5000 Uncommon trap: reason=class_check action=maybe_recompile pc=0x000001b508237198 method=java.awt.KeyboardFocusManager.clearMostRecentFocusOwner(Ljava/awt/Component;)V @ 67 c2
Event: 59.945 Thread 0x000001b56fcd5000 Uncommon trap: reason=bimorphic_or_optimized_type_check action=maybe_recompile pc=0x000001b5084919b0 method=java.util.ArrayList.addAll(Ljava/util/Collection;)Z @ 1 c2
Event: 59.945 Thread 0x000001b56fcd5000 Uncommon trap: reason=bimorphic_or_optimized_type_check action=maybe_recompile pc=0x000001b5084919b0 method=java.util.ArrayList.addAll(Ljava/util/Collection;)Z @ 1 c2

Classes redefined (0 events):
No events

Internal exceptions (10 events):
Event: 11.730 Thread 0x000001b56fcd5000 Exception <a 'java/lang/NoSuchMethodError'{0x000000070ba238f8}: java.lang.invoke.DelegatingMethodHandle$Holder.reinvoke_L(Ljava/lang/Object;ILjava/lang/Object;I)Ljava/lang/Object;> (0x000000070ba238f8) thrown at [t:/workspace/hotspot/src/share/vm/interpre
Event: 12.025 Thread 0x000001b5195ab800 Exception <a 'java/lang/NoSuchMethodError'{0x000000070b8c5f58}: method resolution failed> (0x000000070b8c5f58) thrown at [t:/workspace/hotspot/src/share/vm/prims/methodHandles.cpp, line 1256]
Event: 12.026 Thread 0x000001b5195ab800 Exception <a 'java/lang/NoSuchMethodError'{0x000000070b8cb620}: java.lang.invoke.DirectMethodHandle$Holder.invokeStatic(Ljava/lang/Object;J)Ljava/lang/Object;> (0x000000070b8cb620) thrown at [t:/workspace/hotspot/src/share/vm/interpreter/linkResolver.cpp,
Event: 13.351 Thread 0x000001b56fcd5000 Implicit null exception at 0x000001b507ed87af to 0x000001b507ed8c51
Event: 50.653 Thread 0x000001b56fcd5000 Implicit null exception at 0x000001b507c91942 to 0x000001b507c91b92
Event: 57.598 Thread 0x000001b56fcd5000 Exception <a 'java/lang/NoSuchMethodError'{0x000000070d6f7920}: java.lang.invoke.DirectMethodHandle$Holder.invokeSpecial(Ljava/lang/Object;Ljava/lang/Object;IIILjava/lang/Object;Ljava/lang/Object;II)Ljava/lang/Object;> (0x000000070d6f7920) thrown at [t:/w
Event: 57.598 Thread 0x000001b56fcd5000 Exception <a 'java/lang/NoSuchMethodError'{0x000000070d6fb118}: java.lang.invoke.DelegatingMethodHandle$Holder.reinvoke_L(Ljava/lang/Object;IIILjava/lang/Object;Ljava/lang/Object;II)Ljava/lang/Object;> (0x000000070d6fb118) thrown at [t:/workspace/hotspot/
Event: 57.599 Thread 0x000001b56fcd5000 Exception <a 'java/lang/NoSuchMethodError'{0x000000070d532720}: java.lang.invoke.DirectMethodHandle$Holder.invokeSpecial(Ljava/lang/Object;Ljava/lang/Object;Ljava/lang/Object;Ljava/lang/Object;II)Ljava/lang/Object;> (0x000000070d532720) thrown at [t:/work
Event: 58.880 Thread 0x000001b56fcd5000 Implicit null exception at 0x000001b5085570f4 to 0x000001b508558c51
Event: 59.195 Thread 0x000001b56fcd5000 Exception <a 'java/io/FileNotFoundException'{0x000000070bc5f950}> (0x000000070bc5f950) thrown at [t:/workspace/hotspot/src/share/vm/prims/jni.cpp, line 604]

Events (10 events):
Event: 59.977 loading class ui/project/i
Event: 59.977 loading class ui/project/i done
Event: 60.023 Executing VM operation: BulkRevokeBias
Event: 60.023 Executing VM operation: BulkRevokeBias done
Event: 60.056 Executing VM operation: G1IncCollectionPause
Event: 60.060 Executing VM operation: G1IncCollectionPause done
Event: 60.061 Executing VM operation: RevokeBias
Event: 60.061 Executing VM operation: RevokeBias done
Event: 60.129 Executing VM operation: BulkRevokeBias
Event: 60.129 Executing VM operation: BulkRevokeBias done


Dynamic libraries:
0x00007ff7794e0000 - 0x00007ff779510000 	D:\workApp\vivada\Vivado\2018.3\bin\unwrapped\win64.o\vivado.exe
0x00007ffde1790000 - 0x00007ffde19a6000 	C:\Windows\SYSTEM32\ntdll.dll
0x00007ffde04a0000 - 0x00007ffde0564000 	C:\Windows\System32\KERNEL32.DLL
0x00007ffddec00000 - 0x00007ffddefa7000 	C:\Windows\System32\KERNELBASE.dll
0x00007ffddeae0000 - 0x00007ffddebf1000 	C:\Windows\System32\ucrtbase.dll
0x00007ffdc2c40000 - 0x00007ffdc2ccd000 	C:\Windows\SYSTEM32\MSVCP140.dll
0x00007ffdc7790000 - 0x00007ffdc77ad000 	C:\Windows\SYSTEM32\VCRUNTIME140.dll
0x00007ffdc7280000 - 0x00007ffdc7294000 	D:\workApp\vivada\Vivado\2018.3\lib\win64.o\libboost_signals.dll
0x00007ffdbcaf0000 - 0x00007ffdbcb04000 	D:\workApp\vivada\Vivado\2018.3\lib\win64.o\librdi_commonmain.dll
0x00007ffdc77b0000 - 0x00007ffdc77bc000 	C:\Windows\SYSTEM32\VCRUNTIME140_1.dll
0x00007ffd5f540000 - 0x00007ffd603d4000 	D:\workApp\vivada\Vivado\2018.3\lib\win64.o\librdi_common.dll
0x00007ffde01c0000 - 0x00007ffde036e000 	C:\Windows\System32\USER32.dll
0x00007ffddf140000 - 0x00007ffddf166000 	C:\Windows\System32\win32u.dll
0x00007ffde0190000 - 0x00007ffde01b9000 	C:\Windows\System32\GDI32.dll
0x00007ffddf020000 - 0x00007ffddf139000 	C:\Windows\System32\gdi32full.dll
0x00007ffdb8de0000 - 0x00007ffdb8e06000 	D:\workApp\vivada\Vivado\2018.3\lib\win64.o\libboost_filesystem.dll
0x00007ffddf3a0000 - 0x00007ffddf43a000 	C:\Windows\System32\msvcp_win.dll
0x00007ffddfc40000 - 0x00007ffddfcf2000 	C:\Windows\System32\ADVAPI32.dll
0x00007ffddf670000 - 0x00007ffddf717000 	C:\Windows\System32\msvcrt.dll
0x00007ffde0b20000 - 0x00007ffde137c000 	C:\Windows\System32\SHELL32.dll
0x00007ffdd9a80000 - 0x00007ffdd9a8a000 	D:\workApp\vivada\Vivado\2018.3\lib\win64.o\librdi_commonversion.dll
0x00007ffddfb90000 - 0x00007ffddfc38000 	C:\Windows\System32\sechost.dll
0x00007ffddeab0000 - 0x00007ffddead8000 	C:\Windows\System32\bcrypt.dll
0x00007ffde1470000 - 0x00007ffde1585000 	C:\Windows\System32\RPCRT4.dll
0x00007ffda48f0000 - 0x00007ffda4a11000 	D:\workApp\vivada\Vivado\2018.3\lib\win64.o\librdi_commonxillic.dll
0x000000006e9a0000 - 0x000000006eacb000 	D:\workApp\vivada\Vivado\2018.3\lib\win64.o\tcl85t.dll
0x00007ffde0620000 - 0x00007ffde0691000 	C:\Windows\System32\WS2_32.dll
0x00007ffd6f8f0000 - 0x00007ffd6fc5e000 	D:\workApp\vivada\Vivado\2018.3\lib\win64.o\libCOIN-all.dll
0x00007ffdbcad0000 - 0x00007ffdbcae4000 	D:\workApp\vivada\Vivado\2018.3\lib\win64.o\libboost_date_time.dll
0x00007ffd707b0000 - 0x00007ffd70a65000 	D:\workApp\vivada\Vivado\2018.3\lib\win64.o\libXil_lmgr11.dll
0x00007ffde0390000 - 0x00007ffde0489000 	C:\Windows\System32\COMDLG32.dll
0x00007ffddf800000 - 0x00007ffddfb88000 	C:\Windows\System32\combase.dll
0x00007ffda9d90000 - 0x00007ffda9e0f000 	D:\workApp\vivada\Vivado\2018.3\lib\win64.o\libboost_program_options.dll
0x00007ffddf570000 - 0x00007ffddf663000 	C:\Windows\System32\shcore.dll
0x00007ffde0aa0000 - 0x00007ffde0afe000 	C:\Windows\System32\SHLWAPI.dll
0x00007ffd9b5c0000 - 0x00007ffd9b6d4000 	D:\workApp\vivada\Vivado\2018.3\lib\win64.o\libboost_regex.dll
0x00007ffde1380000 - 0x00007ffde1457000 	C:\Windows\System32\OLEAUT32.dll
0x00007ffde06b0000 - 0x00007ffde0855000 	C:\Windows\System32\ole32.dll
0x00007ffdcea10000 - 0x00007ffdcea1b000 	D:\workApp\vivada\Vivado\2018.3\lib\win64.o\libboost_system.dll
0x00007ffddefb0000 - 0x00007ffddf01b000 	C:\Windows\System32\WINTRUST.dll
0x00007ffddf170000 - 0x00007ffddf2d7000 	C:\Windows\System32\CRYPT32.dll
0x00007ffdafc70000 - 0x00007ffdafc91000 	D:\workApp\vivada\Vivado\2018.3\lib\win64.o\libboost_thread.dll
0x00007ffdce660000 - 0x00007ffdce66f000 	D:\workApp\vivada\Vivado\2018.3\lib\win64.o\libboost_xilinx.dll
0x00007ffda7040000 - 0x00007ffda70c2000 	D:\workApp\vivada\Vivado\2018.3\lib\win64.o\libhdlpsolve.dll
0x00007ffda52f0000 - 0x00007ffda5395000 	D:\workApp\vivada\Vivado\2018.3\lib\win64.o\libhdxml.dll
0x00007ffd5ecf0000 - 0x00007ffd5f53e600 	D:\workApp\vivada\Vivado\2018.3\lib\win64.o\libisl_iostreams.dll
0x00007ffdac480000 - 0x00007ffdac4ae000 	D:\workApp\vivada\Vivado\2018.3\lib\win64.o\libisl_sysinfo.dll
0x00007ffda7d50000 - 0x00007ffda7db5000 	D:\workApp\vivada\Vivado\2018.3\lib\win64.o\liblmx6.0.dll
0x00007ffdac460000 - 0x00007ffdac47a000 	D:\workApp\vivada\Vivado\2018.3\lib\win64.o\pthreadVC2.dll
0x00007ffdac3d0000 - 0x00007ffdac3ec000 	D:\workApp\vivada\Vivado\2018.3\lib\win64.o\librdiconfig.dll
0x00007ffdabaf0000 - 0x00007ffdabb11000 	D:\workApp\vivada\Vivado\2018.3\lib\win64.o\librdizlib.dll
0x0000000012000000 - 0x0000000012272000 	D:\workApp\vivada\Vivado\2018.3\lib\win64.o\xerces-c_3_1.dll
0x00007ffdc71e0000 - 0x00007ffdc71f9000 	C:\Windows\SYSTEM32\NETAPI32.dll
0x00007ffdc2370000 - 0x00007ffdc2864000 	C:\Windows\SYSTEM32\WININET.dll
0x00007ffdd8f10000 - 0x00007ffdd9046000 	C:\Windows\SYSTEM32\WINHTTP.dll
0x00007ffdbaa10000 - 0x00007ffdbac00000 	C:\Windows\SYSTEM32\urlmon.dll
0x00007ffdcd0a0000 - 0x00007ffdcd0a9000 	C:\Windows\SYSTEM32\WSOCK32.dll
0x00007ffd5de50000 - 0x00007ffd5ece1000 	D:\workApp\vivada\Vivado\2018.3\lib\win64.o\gurobi65.dll
0x00007ffdab6e0000 - 0x00007ffdab711000 	C:\Windows\SYSTEM32\VCOMP140.DLL
0x00007ffdb8d10000 - 0x00007ffdb8dc3000 	C:\Windows\WinSxS\amd64_microsoft.windows.common-controls_6595b64144ccf1df_5.82.22621.2506_none_b43bab19638c9595\COMCTL32.dll
0x00007ffdd8a00000 - 0x00007ffdd8a1f000 	C:\Windows\SYSTEM32\dhcpcsvc.DLL
0x00007ffdcc8f0000 - 0x00007ffdcc8fd000 	D:\workApp\vivada\Vivado\2018.3\lib\win64.o\libboost_chrono.dll
0x00007ffdcac40000 - 0x00007ffdcaefc000 	C:\Windows\SYSTEM32\iertutil.dll
0x00007ffdab6a0000 - 0x00007ffdab6bb000 	D:\workApp\vivada\Vivado\2018.3\lib\win64.o\libboost_iostreams.dll
0x00007ffdbd320000 - 0x00007ffdbd348000 	C:\Windows\SYSTEM32\srvcli.dll
0x00007ffddd570000 - 0x00007ffddd57c000 	C:\Windows\SYSTEM32\netutils.dll
0x00007ffdaa4e0000 - 0x00007ffdaa505000 	D:\workApp\vivada\Vivado\2018.3\lib\win64.o\libisl_iosutils.dll
0x00007ffde0570000 - 0x00007ffde05a1000 	C:\Windows\System32\IMM32.DLL
0x00007ffdde310000 - 0x00007ffdde322000 	C:\Windows\SYSTEM32\MSASN1.dll
0x00007ffdddbe0000 - 0x00007ffdddbf8000 	C:\Windows\SYSTEM32\kernel.appcore.dll
0x00007ffd5d950000 - 0x00007ffd5de45000 	D:\workApp\vivada\Vivado\2018.3\lib\win64.o\librdi_commontasks.dll
0x00007ffdd6740000 - 0x00007ffdd674a000 	C:\Windows\SYSTEM32\VERSION.dll
0x000000006df70000 - 0x000000006e995000 	D:\workApp\vivada\Vivado\2018.3\tps\win64\jre9.0.4\bin\server\jvm.dll
0x00007ffddfd00000 - 0x00007ffddfd08000 	C:\Windows\System32\PSAPI.DLL
0x00007ffd6f670000 - 0x00007ffd6f8ef000 	D:\workApp\vivada\Vivado\2018.3\lib\win64.o\librdi_sio.dll
0x00007ffdd6810000 - 0x00007ffdd6844000 	C:\Windows\SYSTEM32\WINMM.dll
0x00007ffda4750000 - 0x00007ffda483f000 	C:\Windows\SYSTEM32\MSVCR120.dll
0x00007ffddd5f0000 - 0x00007ffddd61d000 	C:\Windows\SYSTEM32\IPHLPAPI.DLL
0x00007ffdde050000 - 0x00007ffdde0b9000 	C:\Windows\SYSTEM32\MSWSOCK.DLL
0x00007ffddca20000 - 0x00007ffddd319000 	C:\Windows\SYSTEM32\windows.storage.dll
0x00007ffddc8e0000 - 0x00007ffddca1e000 	C:\Windows\SYSTEM32\wintypes.dll
0x00007ffd5b580000 - 0x00007ffd5d942000 	D:\workApp\vivada\Vivado\2018.3\lib\win64.o\librdi_tcltasks.dll
0x00007ffd63360000 - 0x00007ffd6373c000 	D:\workApp\vivada\Vivado\2018.3\lib\win64.o\librdi_bitstream.dll
0x00007ffd727c0000 - 0x00007ffd7293e000 	D:\workApp\vivada\Vivado\2018.3\lib\win64.o\librdi_board.dll
0x00007ffd9e6b0000 - 0x00007ffd9e78c000 	D:\workApp\vivada\Vivado\2018.3\lib\win64.o\librdi_chipscope.dll
0x00007ffda3b50000 - 0x00007ffda3bba000 	D:\workApp\vivada\Vivado\2018.3\lib\win64.o\librdi_boarddep.dll
0x00007ffd70da0000 - 0x00007ffd70f59000 	D:\workApp\vivada\Vivado\2018.3\lib\win64.o\librdi_chipscopeimpl.dll
0x00007ffd59c70000 - 0x00007ffd5b575000 	D:\workApp\vivada\Vivado\2018.3\lib\win64.o\librdi_constraints.dll
0x00007ffd95730000 - 0x00007ffd95878000 	D:\workApp\vivada\Vivado\2018.3\lib\win64.o\librdi_containers.dll
0x00007ffd59590000 - 0x00007ffd59c6a000 	D:\workApp\vivada\Vivado\2018.3\lib\win64.o\librdi_coregenipxact.dll
0x00007ffd55f60000 - 0x00007ffd57d7f000 	D:\workApp\vivada\Vivado\2018.3\lib\win64.o\librdi_coregen.dll
0x00007ffd6b760000 - 0x00007ffd6ba7b000 	D:\workApp\vivada\Vivado\2018.3\lib\win64.o\librdi_dlyest.dll
0x00007ffd43210000 - 0x00007ffd4700b000 	D:\workApp\vivada\Vivado\2018.3\lib\win64.o\librdi_designutils.dll
0x00007ffd59030000 - 0x00007ffd59590000 	D:\workApp\vivada\Vivado\2018.3\lib\win64.o\librdi_drc.dll
0x00007ffda1b80000 - 0x00007ffda1c42000 	D:\workApp\vivada\Vivado\2018.3\lib\win64.o\librdi_dsp.dll
0x00007ffd589f0000 - 0x00007ffd5902f000 	D:\workApp\vivada\Vivado\2018.3\lib\win64.o\librdi_filemgmt.dll
0x00007ffd6ac00000 - 0x00007ffd6aeda000 	D:\workApp\vivada\Vivado\2018.3\lib\win64.o\librdi_guitools.dll
0x00007ffd324b0000 - 0x00007ffd43202000 	D:\workApp\vivada\Vivado\2018.3\lib\win64.o\librdi_device.dll
0x00007ffda2fc0000 - 0x00007ffda301d000 	D:\workApp\vivada\Vivado\2018.3\lib\win64.o\librdi_hdf.dll
0x00007ffd54bc0000 - 0x00007ffd55f51000 	D:\workApp\vivada\Vivado\2018.3\lib\win64.o\librdi_implflow.dll
0x00007ffd583d0000 - 0x00007ffd589e5000 	D:\workApp\vivada\Vivado\2018.3\lib\win64.o\librdi_memdata.dll
0x00007ffd9cf50000 - 0x00007ffd9cfc1000 	D:\workApp\vivada\Vivado\2018.3\lib\win64.o\librdi_memoryarray.dll
0x00007ffd54580000 - 0x00007ffd54bbb000 	D:\workApp\vivada\Vivado\2018.3\lib\win64.o\librdi_netlist.dll
0x00007ffd4df50000 - 0x00007ffd518fc000 	D:\workApp\vivada\Vivado\2018.3\lib\win64.o\librdi_mig.dll
0x00007ffdaa0e0000 - 0x00007ffdaa130000 	D:\workApp\vivada\Vivado\2018.3\lib\win64.o\librdi_pfi.dll
0x00007ffd6a2d0000 - 0x00007ffd6a5d7000 	D:\workApp\vivada\Vivado\2018.3\lib\win64.o\librdi_platform.dll
0x00007ffd2ff90000 - 0x00007ffd324a4000 	D:\workApp\vivada\Vivado\2018.3\lib\win64.o\librdi_place.dll
0x00007ffd53e80000 - 0x00007ffd54575000 	D:\workApp\vivada\Vivado\2018.3\lib\win64.o\librdi_power.dll
0x00007ffd53920000 - 0x00007ffd53e76000 	D:\workApp\vivada\Vivado\2018.3\lib\win64.o\librdi_project.dll
0x00007ffd53220000 - 0x00007ffd53913000 	D:\workApp\vivada\Vivado\2018.3\lib\win64.o\librdi_psta.dll
0x00007ffd4cf30000 - 0x00007ffd4d609000 	D:\workApp\vivada\Vivado\2018.3\lib\win64.o\librdi_rsb.dll
0x00007ffd57ff0000 - 0x00007ffd583c7000 	D:\workApp\vivada\Vivado\2018.3\lib\win64.o\librdi_runs.dll
0x00007ffd98010000 - 0x00007ffd980e8000 	D:\workApp\vivada\Vivado\2018.3\lib\win64.o\librdi_runsbase.dll
0x00007ffd6c3a0000 - 0x00007ffd6c5c8000 	D:\workApp\vivada\Vivado\2018.3\lib\win64.o\librdi_simdata.dll
0x00007ffd2db00000 - 0x00007ffd2e88d000 	D:\workApp\vivada\Vivado\2018.3\lib\win64.o\librdi_timing.dll
0x00007ffd79d60000 - 0x00007ffd79eb4000 	D:\workApp\vivada\Vivado\2018.3\lib\win64.o\librdi_advchipscopeimpl.dll
0x00007ffda3b00000 - 0x00007ffda3b4c000 	D:\workApp\vivada\Vivado\2018.3\lib\win64.o\libboost_serialization.dll
0x00007ffd94dc0000 - 0x00007ffd94e78000 	D:\workApp\vivada\Vivado\2018.3\lib\win64.o\librdi_hip_devdesign.dll
0x00007ffd966c0000 - 0x00007ffd9676b000 	D:\workApp\vivada\Vivado\2018.3\lib\win64.o\librdi_ipconfig_readwrite.dll
0x00007ffda9c50000 - 0x00007ffda9c88000 	D:\workApp\vivada\Vivado\2018.3\lib\win64.o\librdi_noc_frameworks.dll
0x00007ffd2cfb0000 - 0x00007ffd2daf7000 	D:\workApp\vivada\Vivado\2018.3\lib\win64.o\libverific.dll
0x00007ffd9a030000 - 0x00007ffd9a0ce000 	D:\workApp\vivada\Vivado\2018.3\lib\win64.o\libise.dll
0x00007ffd4cb70000 - 0x00007ffd4cf25000 	D:\workApp\vivada\Vivado\2018.3\lib\win64.o\librdi_hip_config.dll
0x00007ffd4c620000 - 0x00007ffd4cb6e000 	D:\workApp\vivada\Vivado\2018.3\lib\win64.o\librdi_xdm.dll
0x00007ffd4afd0000 - 0x00007ffd4b5b4000 	D:\workApp\vivada\Vivado\2018.3\lib\win64.o\librdi_wavedata.dll
0x00007ffda2700000 - 0x00007ffda2749000 	D:\workApp\vivada\Vivado\2018.3\lib\win64.o\librdi_wavedata_SimpleApi.dll
0x00007ffd9caf0000 - 0x00007ffd9cb53000 	D:\workApp\vivada\Vivado\2018.3\lib\win64.o\librdi_hip_mathengine.dll
0x00007ffd2bfa0000 - 0x00007ffd2cfa2000 	D:\workApp\vivada\Vivado\2018.3\lib\win64.o\librdi_route.dll

VM Arguments:
jvm_args: -Dsun.java2d.pmoffscreen=false -Dsun.java2d.xrender=false -Dsun.java2d.d3d=false -Dsun.awt.nopixfmt=true -Dsun.java2d.dpiaware=true -Dsun.java2d.uiScale.enabled=false -Xverify:none -Dswing.aatext=true -XX:-UsePerfData -Djdk.map.althashing.threshold=512 -XX:StringTableSize=4072 --add-opens=java.base/java.nio=ALL-UNNAMED --add-opens=java.desktop/sun.swing=ALL-UNNAMED --add-opens=java.desktop/javax.swing=ALL-UNNAMED --add-opens=java.desktop/javax.swing.tree=ALL-UNNAMED --add-opens=java.desktop/javax.swing.plaf.basic=ALL-UNNAMED --add-opens=java.desktop/javax.swing.plaf.synth=ALL-UNNAMED --add-opens=java.desktop/com.sun.awt=ALL-UNNAMED -XX:NewSize=60m -XX:MaxNewSize=60m -Xms128m -Xmx3072m -Xss5m 
java_command: <unknown>
java_class_path (initial): D:/workApp/vivada/Vivado/2018.3\lib\classes\alloy.jar;D:/workApp/vivada/Vivado/2018.3\lib\classes\autopilot.scelaborator.jar;D:/workApp/vivada/Vivado/2018.3\lib\classes\autopilot.sourceprocessor.jar;D:/workApp/vivada/Vivado/2018.3\lib\classes\autopilot.tbprocessor.jar;D:/workApp/vivada/Vivado/2018.3\lib\classes\batik-anim.jar;D:/workApp/vivada/Vivado/2018.3\lib\classes\batik-awt-util.jar;D:/workApp/vivada/Vivado/2018.3\lib\classes\batik-bridge.jar;D:/workApp/vivada/Vivado/2018.3\lib\classes\batik-codec.jar;D:/workApp/vivada/Vivado/2018.3\lib\classes\batik-css.jar;D:/workApp/vivada/Vivado/2018.3\lib\classes\batik-dom.jar;D:/workApp/vivada/Vivado/2018.3\lib\classes\batik-ext.jar;D:/workApp/vivada/Vivado/2018.3\lib\classes\batik-gui-util.jar;D:/workApp/vivada/Vivado/2018.3\lib\classes\batik-gvt.jar;D:/workApp/vivada/Vivado/2018.3\lib\classes\batik-parser.jar;D:/workApp/vivada/Vivado/2018.3\lib\classes\batik-script.jar;D:/workApp/vivada/Vivado/2018.3\lib\classes\batik-svg-dom.jar;D:/workApp/vivada/Vivado/2018.3\lib\classes\batik-swing.jar;D:/workApp/vivada/Vivado/2018.3\lib\classes\batik-transcoder.jar;D:/workApp/vivada/Vivado/2018.3\lib\classes\batik-util.jar;D:/workApp/vivada/Vivado/2018.3\lib\classes\batik-xml.jar;D:/workApp/vivada/Vivado/2018.3\lib\classes\com.ibm.icu_4.4.2.v20110208.jar;D:/workApp/vivada/Vivado/2018.3\lib\classes\commons-collections4-4.1.jar;D:/workApp/vivada/Vivado/2018.3\lib\classes\commons-math-2.2.jar;D:/workApp/vivada/Vivado/2018.3\lib\classes\dom4j-1.6.1.jar;D:/workApp/vivada/Vivado/2018.3\lib\classes\guava-18.0.jar;D:/workApp/vivada/Vivado/2018.3\lib\classes\help.jar;D:/workApp/vivada/Vivado/2018.3\lib\classes\hsqldb.jar;D:/workApp/vivada/Vivado/2018.3\lib\classes\jargs.jar;D:/workApp/vivada/Vivado/2018.3\lib\classes\jaxb-api-2.3.0.jar;D:/workApp/vivada/Vivado/2018.3\lib\classes\jh.jar;D:/workApp/vivada/Vivado/2018.3\lib\classes\jide-action.jar;D:/workApp/vivada/Vivado/2018.3\lib\classes\jide-charts.jar;D:/workAp
Launcher Type: generic

Logging:
Log output configuration:
#0: stdout all=warning uptime,level,tags
#1: stderr all=off uptime,level,tags

Environment Variables:
JAVA_HOME=D:\JAVA8\jdk
CLASSPATH=.;%JAVA_HOME%\lib\dt.jar;%JAVA_HOME%\lib\tools.jar;
PATH=D:/workApp/vivada/Vivado/2018.3/bin;D:/workApp/vivada/Vivado/2018.3/lib/win64.o;D:/workApp/vivada/Vivado/2018.3/tps/win64/jre9.0.4/bin/server;D:/workApp/vivada/Vivado/2018.3/tps/win64/jre9.0.4/bin;D:/workApp/vivada/SDK/2018.3/bin;D:/workApp/vivada/Vivado/2018.3/ids_lite/ISE/bin/nt64;D:/workApp/vivada/Vivado/2018.3/ids_lite/ISE/lib/nt64;D:\JAVA8\jdk\bin;C:\Program Files (x86)\Common Files\Oracle\Java\javapath;C:\Program Files\Common Files\Oracle\Java\javapath;C:\Windows\system32;C:\Windows;C:\Windows\System32\Wbem;C:\Windows\System32\WindowsPowerShell\v1.0\;C:\Windows\System32\OpenSSH\;C:\Program Files (x86)\NVIDIA Corporation\PhysX\Common;C:\Program Files\NVIDIA Corporation\NVIDIA NvDLISR;D:\Windows Kits\10\Windows Performance Toolkit\;D:\JAVA8\jdk\jre\bin;D:\Sonar-Qube\sonar-scanner\sonar-scanner-5.0.1.3006-windows\bin;C:\Program Files\MySQL\MySQL Server 8.0\bin;D:\python\Scripts\;D:\python\;C:\Users\binzc\AppData\Local\Microsoft\WindowsApps;D:\workApp\idea\IntelliJ IDEA 2023.2.5\bin;D:\workApp\vscode\Microsoft VS Code\bin;D:\workApp\pycharm\PyCharm 2023.2.5\bin;D:\workApp\Deveco\DevEco Studio\bin;;D:/workApp/vivada/Vivado/2018.3\tps\mingw\6.2.0\win64.o\nt\bin;D:/workApp/vivada/Vivado/2018.3\tps\mingw\6.2.0\win64.o\nt\libexec\gcc\x86_64-w64-mingw32\6.2.0
USERNAME=binzc
OS=Windows_NT
PROCESSOR_IDENTIFIER=AMD64 Family 25 Model 80 Stepping 0, AuthenticAMD



---------------  S Y S T E M  ---------------

OS: Windows 10 , 64 bit Build 22621 (10.0.22621.3374)

CPU:total 16 (initial active 16) (16 cores per cpu, 1 threads per core) family 25 model 80 stepping 0, cmov, cx8, fxsr, mmx, sse, sse2, sse3, ssse3, sse4.1, sse4.2, popcnt, avx, avx2, aes, clmul, erms, mmxext, 3dnowpref, lzcnt, sse4a, tsc, tscinvbit, tscinv, bmi1

Memory: 4k page, physical 14528572k(4789240k free), swap 24490044k(7001780k free)

vm_info: Java HotSpot(TM) 64-Bit Server VM (9.0.4+11) for windows-amd64 JRE (9.0.4+11), built on Dec 20 2017 02:18:54 by "mach5one" with MS VC++ 12.0 (VS2013)

END.
